heap profile: 14: 267168 [47: 9478400] @ heap/1048576
1: 245760 [1: 245760] @ 0x144113c 0x144784d 0x1446b4a 0x1446da2 0x1441e45 0x1b91e6b 0x1bab5b1 0x103d272 0x106f161
#	0x144113b	github.com/horm/common/log/logger.NewAsyncFileWriter+0xbb	/Users/smallhowcao/work/go/src/yan/common/log/logger/async_file_writer.go:44
#	0x144784c	github.com/horm/common/log/logger.newFileCore+0x10c		/Users/smallhowcao/work/go/src/yan/common/log/logger/zaplogger.go:99
#	0x1446b49	github.com/horm/common/log/logger.(*FileWriter).Setup+0x29	/Users/smallhowcao/work/go/src/yan/common/log/logger/writer_factory.go:46
#	0x1446da1	github.com/horm/common/log/logger.newZapLog+0xc1		/Users/smallhowcao/work/go/src/yan/common/log/logger/zaplogger.go:33
#	0x1441e44	github.com/horm/common/log/logger.CreateDefaultLogger+0x24	/Users/smallhowcao/work/go/src/yan/common/log/logger/logger_factory.go:41
#	0x1b91e6a	github.com/horm/manage/srv.NewServer+0x6a			/Users/smallhowcao/work/go/src/yan/manage/srv/server.go:44
#	0x1bab5b0	main.main+0x30							/Users/smallhowcao/work/go/src/yan/manage/main.go:29
#	0x103d271	runtime.main+0x211						/Users/smallhowcao/work/go/bin/go1.19.9/src/runtime/proc.go:250

6: 6912 [6: 6912] @ 0x104071e 0x1040f1b 0x104158f 0x1041afa 0x10434c5 0x1043905 0x103ff0d 0x103fe0c 0x106ce85
#	0x104071d	runtime.allocm+0x9d		/Users/smallhowcao/work/go/bin/go1.19.9/src/runtime/proc.go:1759
#	0x1040f1a	runtime.newm+0x3a		/Users/smallhowcao/work/go/bin/go1.19.9/src/runtime/proc.go:2109
#	0x104158e	runtime.startm+0xce		/Users/smallhowcao/work/go/bin/go1.19.9/src/runtime/proc.go:2325
#	0x1041af9	runtime.wakep+0x59		/Users/smallhowcao/work/go/bin/go1.19.9/src/runtime/proc.go:2430
#	0x10434c4	runtime.resetspinning+0x44	/Users/smallhowcao/work/go/bin/go1.19.9/src/runtime/proc.go:3110
#	0x1043904	runtime.schedule+0xe4		/Users/smallhowcao/work/go/bin/go1.19.9/src/runtime/proc.go:3220
#	0x103ff0c	runtime.mstart1+0xcc		/Users/smallhowcao/work/go/bin/go1.19.9/src/runtime/proc.go:1432
#	0x103fe0b	runtime.mstart0+0x6b		/Users/smallhowcao/work/go/bin/go1.19.9/src/runtime/proc.go:1382
#	0x106ce84	runtime.mstart+0x4		/Users/smallhowcao/work/go/bin/go1.19.9/src/runtime/asm_amd64.s:390

1: 5376 [1: 5376] @ 0x130fac5 0x130fa68 0x130f597 0x130f105 0x130f651 0x130e29e 0x1324e5b 0x1325a11 0x1325a06 0x15b3999 0x104a586 0x104a4d1 0x104a4d1 0x104a4d1 0x104a4d1 0x104a4d1 0x104a4d1 0x104a4d1 0x104a4d1 0x104a4d1 0x104a4d1 0x104a4d1 0x104a4d1 0x104a4d1 0x104a4d1 0x103d233 0x106f161
#	0x130fac4	regexp/syntax.(*compiler).inst+0xc4				/Users/smallhowcao/work/go/bin/go1.19.9/src/regexp/syntax/compile.go:164
#	0x130fa67	regexp/syntax.(*compiler).alt+0x67				/Users/smallhowcao/work/go/bin/go1.19.9/src/regexp/syntax/compile.go:210
#	0x130f596	regexp/syntax.(*compiler).compile+0x1156			/Users/smallhowcao/work/go/bin/go1.19.9/src/regexp/syntax/compile.go:154
#	0x130f104	regexp/syntax.(*compiler).compile+0xcc4				/Users/smallhowcao/work/go/bin/go1.19.9/src/regexp/syntax/compile.go:129
#	0x130f650	regexp/syntax.(*compiler).compile+0x1210			/Users/smallhowcao/work/go/bin/go1.19.9/src/regexp/syntax/compile.go:147
#	0x130e29d	regexp/syntax.Compile+0x13d					/Users/smallhowcao/work/go/bin/go1.19.9/src/regexp/syntax/compile.go:74
#	0x1324e5a	regexp.compile+0x7a						/Users/smallhowcao/work/go/bin/go1.19.9/src/regexp/regexp.go:182
#	0x1325a10	regexp.Compile+0x30						/Users/smallhowcao/work/go/bin/go1.19.9/src/regexp/regexp.go:137
#	0x1325a05	regexp.MustCompile+0x25						/Users/smallhowcao/work/go/bin/go1.19.9/src/regexp/regexp.go:317
#	0x15b3998	google.golang.org/protobuf/internal/encoding/json.init+0xd8	/Users/smallhowcao/work/go/pkg/mod/google.golang.org/protobuf@v1.31.0/internal/encoding/json/decode.go:155
#	0x104a585	runtime.doInit+0x125						/Users/smallhowcao/work/go/bin/go1.19.9/src/runtime/proc.go:6329
#	0x104a4d0	runtime.doInit+0x70						/Users/smallhowcao/work/go/bin/go1.19.9/src/runtime/proc.go:6306
#	0x104a4d0	runtime.doInit+0x70						/Users/smallhowcao/work/go/bin/go1.19.9/src/runtime/proc.go:6306
#	0x104a4d0	runtime.doInit+0x70						/Users/smallhowcao/work/go/bin/go1.19.9/src/runtime/proc.go:6306
#	0x104a4d0	runtime.doInit+0x70						/Users/smallhowcao/work/go/bin/go1.19.9/src/runtime/proc.go:6306
#	0x104a4d0	runtime.doInit+0x70						/Users/smallhowcao/work/go/bin/go1.19.9/src/runtime/proc.go:6306
#	0x104a4d0	runtime.doInit+0x70						/Users/smallhowcao/work/go/bin/go1.19.9/src/runtime/proc.go:6306
#	0x104a4d0	runtime.doInit+0x70						/Users/smallhowcao/work/go/bin/go1.19.9/src/runtime/proc.go:6306
#	0x104a4d0	runtime.doInit+0x70						/Users/smallhowcao/work/go/bin/go1.19.9/src/runtime/proc.go:6306
#	0x104a4d0	runtime.doInit+0x70						/Users/smallhowcao/work/go/bin/go1.19.9/src/runtime/proc.go:6306
#	0x104a4d0	runtime.doInit+0x70						/Users/smallhowcao/work/go/bin/go1.19.9/src/runtime/proc.go:6306
#	0x104a4d0	runtime.doInit+0x70						/Users/smallhowcao/work/go/bin/go1.19.9/src/runtime/proc.go:6306
#	0x104a4d0	runtime.doInit+0x70						/Users/smallhowcao/work/go/bin/go1.19.9/src/runtime/proc.go:6306
#	0x104a4d0	runtime.doInit+0x70						/Users/smallhowcao/work/go/bin/go1.19.9/src/runtime/proc.go:6306
#	0x104a4d0	runtime.doInit+0x70						/Users/smallhowcao/work/go/bin/go1.19.9/src/runtime/proc.go:6306
#	0x103d232	runtime.main+0x1d2						/Users/smallhowcao/work/go/bin/go1.19.9/src/runtime/proc.go:233

4: 4608 [4: 4608] @ 0x104071e 0x1040f1b 0x104158f 0x1041afa 0x10434c5 0x1043905 0x1043e0d 0x106cf03
#	0x104071d	runtime.allocm+0x9d		/Users/smallhowcao/work/go/bin/go1.19.9/src/runtime/proc.go:1759
#	0x1040f1a	runtime.newm+0x3a		/Users/smallhowcao/work/go/bin/go1.19.9/src/runtime/proc.go:2109
#	0x104158e	runtime.startm+0xce		/Users/smallhowcao/work/go/bin/go1.19.9/src/runtime/proc.go:2325
#	0x1041af9	runtime.wakep+0x59		/Users/smallhowcao/work/go/bin/go1.19.9/src/runtime/proc.go:2430
#	0x10434c4	runtime.resetspinning+0x44	/Users/smallhowcao/work/go/bin/go1.19.9/src/runtime/proc.go:3110
#	0x1043904	runtime.schedule+0xe4		/Users/smallhowcao/work/go/bin/go1.19.9/src/runtime/proc.go:3220
#	0x1043e0c	runtime.park_m+0x14c		/Users/smallhowcao/work/go/bin/go1.19.9/src/runtime/proc.go:3363
#	0x106cf02	runtime.mcall+0x42		/Users/smallhowcao/work/go/bin/go1.19.9/src/runtime/asm_amd64.s:448

1: 4096 [1: 4096] @ 0x12db6b7 0x12db662 0x12db76d 0x12e0d05 0x106f161
#	0x12db6b6	bufio.NewReaderSize+0x1f6	/Users/smallhowcao/work/go/bin/go1.19.9/src/bufio/bufio.go:57
#	0x12db661	bufio.NewReader+0x1a1		/Users/smallhowcao/work/go/bin/go1.19.9/src/bufio/bufio.go:63
#	0x12db76c	net/http.newBufioReader+0x2ac	/Users/smallhowcao/work/go/bin/go1.19.9/src/net/http/server.go:831
#	0x12e0d04	net/http.(*conn).serve+0x284	/Users/smallhowcao/work/go/bin/go1.19.9/src/net/http/server.go:1912

1: 416 [1: 416] @ 0x1045728 0x10459de 0x1045905 0x106cf89
#	0x1045727	runtime.malg+0x27		/Users/smallhowcao/work/go/bin/go1.19.9/src/runtime/proc.go:4076
#	0x10459dd	runtime.newproc1+0x7d		/Users/smallhowcao/work/go/bin/go1.19.9/src/runtime/proc.go:4123
#	0x1045904	runtime.newproc.func1+0x24	/Users/smallhowcao/work/go/bin/go1.19.9/src/runtime/proc.go:4098
#	0x106cf88	runtime.systemstack+0x48	/Users/smallhowcao/work/go/bin/go1.19.9/src/runtime/asm_amd64.s:492

0: 0 [2: 524288] @ 0x127a405 0x127ab68 0x1285899 0x13500c5 0x134c3db 0x106f161
#	0x127a404	compress/flate.(*compressor).init+0x4a4		/Users/smallhowcao/work/go/bin/go1.19.9/src/compress/flate/deflate.go:586
#	0x127ab67	compress/flate.NewWriter+0x47			/Users/smallhowcao/work/go/bin/go1.19.9/src/compress/flate/deflate.go:667
#	0x1285898	compress/gzip.(*Writer).Write+0x2d8		/Users/smallhowcao/work/go/bin/go1.19.9/src/compress/gzip/gzip.go:191
#	0x13500c4	runtime/pprof.(*profileBuilder).build+0x364	/Users/smallhowcao/work/go/bin/go1.19.9/src/runtime/pprof/proto.go:390
#	0x134c3da	runtime/pprof.profileWriter+0xba		/Users/smallhowcao/work/go/bin/go1.19.9/src/runtime/pprof/pprof.go:812

0: 0 [1: 139264] @ 0x127a385 0x127a3bb 0x127ab68 0x1285899 0x13500c5 0x13555e5 0x134a945 0x134a5a7 0x1348bab 0x1358705 0x1358195 0x1357dcd 0x135891e 0x12e25af 0x12e3f49 0x12e59ac 0x12e1087 0x106f161
#	0x127a384	compress/flate.newDeflateFast+0x424		/Users/smallhowcao/work/go/bin/go1.19.9/src/compress/flate/deflatefast.go:64
#	0x127a3ba	compress/flate.(*compressor).init+0x45a		/Users/smallhowcao/work/go/bin/go1.19.9/src/compress/flate/deflate.go:585
#	0x127ab67	compress/flate.NewWriter+0x47			/Users/smallhowcao/work/go/bin/go1.19.9/src/compress/flate/deflate.go:667
#	0x1285898	compress/gzip.(*Writer).Write+0x2d8		/Users/smallhowcao/work/go/bin/go1.19.9/src/compress/gzip/gzip.go:191
#	0x13500c4	runtime/pprof.(*profileBuilder).build+0x364	/Users/smallhowcao/work/go/bin/go1.19.9/src/runtime/pprof/proto.go:390
#	0x13555e4	runtime/pprof.writeHeapProto+0x304		/Users/smallhowcao/work/go/bin/go1.19.9/src/runtime/pprof/protomem.go:65
#	0x134a944	runtime/pprof.writeHeapInternal+0x304		/Users/smallhowcao/work/go/bin/go1.19.9/src/runtime/pprof/pprof.go:575
#	0x134a5a6	runtime/pprof.writeHeap+0x26			/Users/smallhowcao/work/go/bin/go1.19.9/src/runtime/pprof/pprof.go:535
#	0x1348baa	runtime/pprof.(*Profile).WriteTo+0x14a		/Users/smallhowcao/work/go/bin/go1.19.9/src/runtime/pprof/pprof.go:330
#	0x1358704	net/http/pprof.collectProfile+0x44		/Users/smallhowcao/work/go/bin/go1.19.9/src/net/http/pprof/pprof.go:323
#	0x1358194	net/http/pprof.handler.serveDeltaProfile+0x334	/Users/smallhowcao/work/go/bin/go1.19.9/src/net/http/pprof/pprof.go:297
#	0x1357dcc	net/http/pprof.handler.ServeHTTP+0x4ec		/Users/smallhowcao/work/go/bin/go1.19.9/src/net/http/pprof/pprof.go:239
#	0x135891d	net/http/pprof.Index+0x13d			/Users/smallhowcao/work/go/bin/go1.19.9/src/net/http/pprof/pprof.go:371
#	0x12e25ae	net/http.HandlerFunc.ServeHTTP+0x2e		/Users/smallhowcao/work/go/bin/go1.19.9/src/net/http/server.go:2109
#	0x12e3f48	net/http.(*ServeMux).ServeHTTP+0x148		/Users/smallhowcao/work/go/bin/go1.19.9/src/net/http/server.go:2487
#	0x12e59ab	net/http.serverHandler.ServeHTTP+0x30b		/Users/smallhowcao/work/go/bin/go1.19.9/src/net/http/server.go:2947
#	0x12e1086	net/http.(*conn).serve+0x606			/Users/smallhowcao/work/go/bin/go1.19.9/src/net/http/server.go:1991

0: 0 [1: 896] @ 0x100ffce 0x1011a79 0x1010825 0x1518ab3 0x1516114 0x150cda9 0x1513756 0x150cd69 0x1514b45 0x150cd85 0x150ca58 0x1525df1 0x1523ed0 0x1b7e5d8 0x1b85aff 0x1b85d4b 0x1b99f87 0x1ba7a78 0x1b950cd 0x1b94b79 0x1b933ba 0x1b8ffee 0x12e25af 0x12e59ac 0x12e1087 0x106f161
#	0x1518ab2	github.com/horm/common/codec/mapstructure.(*Decoder).decodeStructFromMap+0x28d2	/Users/smallhowcao/work/go/src/yan/common/codec/mapstructure/mapstructure.go:1287
#	0x1516113	github.com/horm/common/codec/mapstructure.(*Decoder).decodeStruct+0x5b3		/Users/smallhowcao/work/go/src/yan/common/codec/mapstructure/mapstructure.go:1246
#	0x150cda8	github.com/horm/common/codec/mapstructure.(*Decoder).decode+0x308		/Users/smallhowcao/work/go/src/yan/common/codec/mapstructure/mapstructure.go:482
#	0x1513755	github.com/horm/common/codec/mapstructure.(*Decoder).decodePtr+0x435		/Users/smallhowcao/work/go/src/yan/common/codec/mapstructure/mapstructure.go:1052
#	0x150cd68	github.com/horm/common/codec/mapstructure.(*Decoder).decode+0x2c8		/Users/smallhowcao/work/go/src/yan/common/codec/mapstructure/mapstructure.go:486
#	0x1514b44	github.com/horm/common/codec/mapstructure.(*Decoder).decodeSlice+0xce4		/Users/smallhowcao/work/go/src/yan/common/codec/mapstructure/mapstructure.go:1150
#	0x150cd84	github.com/horm/common/codec/mapstructure.(*Decoder).decode+0x2e4		/Users/smallhowcao/work/go/src/yan/common/codec/mapstructure/mapstructure.go:488
#	0x150ca57	github.com/horm/common/codec/mapstructure.(*Decoder).Decode+0xd7		/Users/smallhowcao/work/go/src/yan/common/codec/mapstructure/mapstructure.go:417
#	0x1525df0	github.com/horm/go-horm/horm/codec.(*Map2Structure).Decode+0xd0			/Users/smallhowcao/work/go/src/yan/go-horm/horm/codec/map2structure.go:28
#	0x1523ecf	github.com/horm/go-horm/horm/codec.(*defaultCodec).Decode+0x10cf		/Users/smallhowcao/work/go/src/yan/go-horm/horm/codec/default.go:311
#	0x1b7e5d7	github.com/horm/orm.(*ORM).Exec+0x217						/Users/smallhowcao/work/go/src/yan/orm/orm.go:100
#	0x1b85afe	github.com/horm/manage/model/table.GetUserBasesByIds+0x2de			/Users/smallhowcao/work/go/src/yan/manage/model/table/user.go:50
#	0x1b85d4a	github.com/horm/manage/model/table.GetUserBasesMapByIds+0x6a			/Users/smallhowcao/work/go/src/yan/manage/model/table/user.go:67
#	0x1b99f86	github.com/horm/manage/logic.AppList+0x326					/Users/smallhowcao/work/go/src/yan/manage/logic/app.go:34
#	0x1ba7a77	github.com/horm/manage/api.AppList+0xb7						/Users/smallhowcao/work/go/src/yan/manage/api/app.go:28
#	0x1b950cc	github.com/horm/manage/srv.apiHandle+0x30c					/Users/smallhowcao/work/go/src/yan/manage/srv/service.go:325
#	0x1b94b78	github.com/horm/manage/srv.(*service).handle+0x298				/Users/smallhowcao/work/go/src/yan/manage/srv/service.go:290
#	0x1b933b9	github.com/horm/manage/srv.(*service).Handle+0x259				/Users/smallhowcao/work/go/src/yan/manage/srv/service.go:128
#	0x1b8ffed	github.com/horm/manage/srv/transport/web.(*transportWeb).Serve.func1+0x30d	/Users/smallhowcao/work/go/src/yan/manage/srv/transport/web/transport_web.go:69
#	0x12e25ae	net/http.HandlerFunc.ServeHTTP+0x2e						/Users/smallhowcao/work/go/bin/go1.19.9/src/net/http/server.go:2109
#	0x12e59ab	net/http.serverHandler.ServeHTTP+0x30b						/Users/smallhowcao/work/go/bin/go1.19.9/src/net/http/server.go:2947
#	0x12e1086	net/http.(*conn).serve+0x606							/Users/smallhowcao/work/go/bin/go1.19.9/src/net/http/server.go:1991

0: 0 [1: 512] @ 0x13d9754 0x13d97ca 0x1079892 0x13e33b3 0x13daab0 0x1450fd2 0x1b95837 0x1b950f3 0x1b94b79 0x1b933ba 0x1b8ffee 0x12e25af 0x12e59ac 0x12e1087 0x106f161
#	0x13d9753	github.com/json-iterator/go.NewStream+0x33					/Users/smallhowcao/work/go/pkg/mod/github.com/json-iterator/go@v1.1.12/stream.go:26
#	0x13d97c9	github.com/json-iterator/go.Config.Froze.func1+0xa9				/Users/smallhowcao/work/go/pkg/mod/github.com/json-iterator/go@v1.1.12/config.go:140
#	0x1079891	sync.(*Pool).Get+0xb1								/Users/smallhowcao/work/go/bin/go1.19.9/src/sync/pool.go:151
#	0x13e33b2	github.com/json-iterator/go.(*frozenConfig).BorrowStream+0x32			/Users/smallhowcao/work/go/pkg/mod/github.com/json-iterator/go@v1.1.12/pool.go:20
#	0x13daaaf	github.com/json-iterator/go.(*frozenConfig).Marshal+0x6f			/Users/smallhowcao/work/go/pkg/mod/github.com/json-iterator/go@v1.1.12/config.go:297
#	0x1450fd1	github.com/horm/common/json.MarshalBaseToString+0xab1				/Users/smallhowcao/work/go/src/yan/common/json/json.go:195
#	0x1b95836	github.com/horm/manage/srv.apiHandle.func1+0x676				/Users/smallhowcao/work/go/src/yan/manage/srv/service.go:320
#	0x1b950f2	github.com/horm/manage/srv.apiHandle+0x332					/Users/smallhowcao/work/go/src/yan/manage/srv/service.go:326
#	0x1b94b78	github.com/horm/manage/srv.(*service).handle+0x298				/Users/smallhowcao/work/go/src/yan/manage/srv/service.go:290
#	0x1b933b9	github.com/horm/manage/srv.(*service).Handle+0x259				/Users/smallhowcao/work/go/src/yan/manage/srv/service.go:128
#	0x1b8ffed	github.com/horm/manage/srv/transport/web.(*transportWeb).Serve.func1+0x30d	/Users/smallhowcao/work/go/src/yan/manage/srv/transport/web/transport_web.go:69
#	0x12e25ae	net/http.HandlerFunc.ServeHTTP+0x2e						/Users/smallhowcao/work/go/bin/go1.19.9/src/net/http/server.go:2109
#	0x12e59ab	net/http.serverHandler.ServeHTTP+0x30b						/Users/smallhowcao/work/go/bin/go1.19.9/src/net/http/server.go:2947
#	0x12e1086	net/http.(*conn).serve+0x606							/Users/smallhowcao/work/go/bin/go1.19.9/src/net/http/server.go:1991

0: 0 [1: 1024] @ 0x140636b 0x14064c8 0x1079892 0x1406525 0x1406448 0x1411250 0x14110e5 0x14085c5 0x140829a 0x140911c 0x140b939 0x1428d59 0x1447e88 0x144bf3f 0x1b94f46 0x1b94b79 0x1b933ba 0x1b8ffee 0x12e25af 0x12e59ac 0x12e1087 0x106f161
#	0x140636a	go.uber.org/zap/buffer.NewPool.func1+0x2a					/Users/smallhowcao/work/go/pkg/mod/go.uber.org/zap@v1.25.0/buffer/pool.go:37
#	0x14064c7	go.uber.org/zap/internal/pool.New[...].func1+0x27				/Users/smallhowcao/work/go/pkg/mod/go.uber.org/zap@v1.25.0/internal/pool/pool.go:44
#	0x1079891	sync.(*Pool).Get+0xb1								/Users/smallhowcao/work/go/bin/go1.19.9/src/sync/pool.go:151
#	0x1406524	go.uber.org/zap/internal/pool.(*Pool[...]).Get+0x24				/Users/smallhowcao/work/go/pkg/mod/go.uber.org/zap@v1.25.0/internal/pool/pool.go:52
#	0x1406447	go.uber.org/zap/buffer.Pool.Get+0x27						/Users/smallhowcao/work/go/pkg/mod/go.uber.org/zap@v1.25.0/buffer/pool.go:45
#	0x141124f	go.uber.org/zap/zapcore.(*jsonEncoder).clone+0x6f				/Users/smallhowcao/work/go/pkg/mod/go.uber.org/zap@v1.25.0/zapcore/json_encoder.go:357
#	0x14110e4	go.uber.org/zap/zapcore.(*jsonEncoder).Clone+0x24				/Users/smallhowcao/work/go/pkg/mod/go.uber.org/zap@v1.25.0/zapcore/json_encoder.go:347
#	0x14085c4	go.uber.org/zap/zapcore.consoleEncoder.writeContext+0x64			/Users/smallhowcao/work/go/pkg/mod/go.uber.org/zap@v1.25.0/zapcore/console_encoder.go:133
#	0x1408299	go.uber.org/zap/zapcore.consoleEncoder.EncodeEntry+0x679			/Users/smallhowcao/work/go/pkg/mod/go.uber.org/zap@v1.25.0/zapcore/console_encoder.go:119
#	0x140911b	go.uber.org/zap/zapcore.(*ioCore).Write+0x7b					/Users/smallhowcao/work/go/pkg/mod/go.uber.org/zap@v1.25.0/zapcore/core.go:95
#	0x140b938	go.uber.org/zap/zapcore.(*CheckedEntry).Write+0x1d8				/Users/smallhowcao/work/go/pkg/mod/go.uber.org/zap@v1.25.0/zapcore/entry.go:253
#	0x1428d58	go.uber.org/zap.(*Logger).Info+0x58						/Users/smallhowcao/work/go/pkg/mod/go.uber.org/zap@v1.25.0/logger.go:220
#	0x1447e87	github.com/horm/common/log/logger.(*zapLog).Info+0x87				/Users/smallhowcao/work/go/src/yan/common/log/logger/zaplogger.go:150
#	0x144bf3e	github.com/horm/common/log.InfoWith+0x1de					/Users/smallhowcao/work/go/src/yan/common/log/log.go:155
#	0x1b94f45	github.com/horm/manage/srv.apiHandle+0x185					/Users/smallhowcao/work/go/src/yan/manage/srv/service.go:299
#	0x1b94b78	github.com/horm/manage/srv.(*service).handle+0x298				/Users/smallhowcao/work/go/src/yan/manage/srv/service.go:290
#	0x1b933b9	github.com/horm/manage/srv.(*service).Handle+0x259				/Users/smallhowcao/work/go/src/yan/manage/srv/service.go:128
#	0x1b8ffed	github.com/horm/manage/srv/transport/web.(*transportWeb).Serve.func1+0x30d	/Users/smallhowcao/work/go/src/yan/manage/srv/transport/web/transport_web.go:69
#	0x12e25ae	net/http.HandlerFunc.ServeHTTP+0x2e						/Users/smallhowcao/work/go/bin/go1.19.9/src/net/http/server.go:2109
#	0x12e59ab	net/http.serverHandler.ServeHTTP+0x30b						/Users/smallhowcao/work/go/bin/go1.19.9/src/net/http/server.go:2947
#	0x12e1086	net/http.(*conn).serve+0x606							/Users/smallhowcao/work/go/bin/go1.19.9/src/net/http/server.go:1991

0: 0 [1: 576] @ 0x100ffce 0x1011a79 0x1014c07 0x1b70150 0x1b6e60d 0x19f0b0f 0x19f03dd 0x19efa1c 0x1b6eedb 0x1b6e525 0x1b6df8c 0x1b7df63 0x1b7eed3 0x1b7e51b 0x1b8108b 0x1b99cb8 0x1ba7a78 0x1b950cd 0x1b94b79 0x1b933ba 0x1b8ffee 0x12e25af 0x12e59ac 0x12e1087 0x106f161
#	0x1b7014f	github.com/horm/orm/database/sql.(*Query).nextRow+0xe0f				/Users/smallhowcao/work/go/src/yan/orm/database/sql/sql.go:309
#	0x1b6e60c	github.com/horm/orm/database/sql.(*Query).FindAll.func1+0x4c			/Users/smallhowcao/work/go/src/yan/orm/database/sql/sql.go:44
#	0x19f0b0e	github.com/horm/orm/database/sql/client.(*client).query+0xee			/Users/smallhowcao/work/go/src/yan/orm/database/sql/client/client.go:192
#	0x19f03dc	github.com/horm/orm/database/sql/client.(*client).invoke+0x27c			/Users/smallhowcao/work/go/src/yan/orm/database/sql/client/client.go:156
#	0x19efa1b	github.com/horm/orm/database/sql/client.(*client).Query+0x3b			/Users/smallhowcao/work/go/src/yan/orm/database/sql/client/client.go:70
#	0x1b6eeda	github.com/horm/orm/database/sql.(*Query).query+0xba				/Users/smallhowcao/work/go/src/yan/orm/database/sql/sql.go:129
#	0x1b6e524	github.com/horm/orm/database/sql.(*Query).FindAll+0x144				/Users/smallhowcao/work/go/src/yan/orm/database/sql/sql.go:61
#	0x1b6df8b	github.com/horm/orm/database/sql.(*Query).Query+0xbcb				/Users/smallhowcao/work/go/src/yan/orm/database/sql/query.go:172
#	0x1b7df62	github.com/horm/orm/database.QueryResult+0x262					/Users/smallhowcao/work/go/src/yan/orm/database/query.go:42
#	0x1b7eed2	github.com/horm/orm.query+0x512							/Users/smallhowcao/work/go/src/yan/orm/parse.go:59
#	0x1b7e51a	github.com/horm/orm.(*ORM).Exec+0x15a						/Users/smallhowcao/work/go/src/yan/orm/orm.go:92
#	0x1b8108a	github.com/horm/manage/model/table.GetAppList+0x4ea				/Users/smallhowcao/work/go/src/yan/manage/model/table/app.go:33
#	0x1b99cb7	github.com/horm/manage/logic.AppList+0x57					/Users/smallhowcao/work/go/src/yan/manage/logic/app.go:16
#	0x1ba7a77	github.com/horm/manage/api.AppList+0xb7						/Users/smallhowcao/work/go/src/yan/manage/api/app.go:28
#	0x1b950cc	github.com/horm/manage/srv.apiHandle+0x30c					/Users/smallhowcao/work/go/src/yan/manage/srv/service.go:325
#	0x1b94b78	github.com/horm/manage/srv.(*service).handle+0x298				/Users/smallhowcao/work/go/src/yan/manage/srv/service.go:290
#	0x1b933b9	github.com/horm/manage/srv.(*service).Handle+0x259				/Users/smallhowcao/work/go/src/yan/manage/srv/service.go:128
#	0x1b8ffed	github.com/horm/manage/srv/transport/web.(*transportWeb).Serve.func1+0x30d	/Users/smallhowcao/work/go/src/yan/manage/srv/transport/web/transport_web.go:69
#	0x12e25ae	net/http.HandlerFunc.ServeHTTP+0x2e						/Users/smallhowcao/work/go/bin/go1.19.9/src/net/http/server.go:2109
#	0x12e59ab	net/http.serverHandler.ServeHTTP+0x30b						/Users/smallhowcao/work/go/bin/go1.19.9/src/net/http/server.go:2947
#	0x12e1086	net/http.(*conn).serve+0x606							/Users/smallhowcao/work/go/bin/go1.19.9/src/net/http/server.go:1991

0: 0 [1: 128] @ 0x17cc7e5 0x17dd5c5 0x17d8377 0x17d7f1d 0x17d7c5a 0x19f0a9c 0x19f03dd 0x19efa1c 0x1b6eedb 0x1b6e7b5 0x1b6dec5 0x1b7df63 0x1b7eed3 0x1b7e51b 0x1b8108b 0x1b99cb8 0x1ba7a78 0x1b950cd 0x1b94b79 0x1b933ba 0x1b8ffee 0x12e25af 0x12e59ac 0x12e1087 0x106f161
#	0x17cc7e4	database/sql.driverArgsConnLocked+0x64						/Users/smallhowcao/work/go/bin/go1.19.9/src/database/sql/convert.go:108
#	0x17dd5c4	database/sql.rowsiFromStatement+0x104						/Users/smallhowcao/work/go/bin/go1.19.9/src/database/sql/sql.go:2831
#	0x17d8376	database/sql.(*DB).queryDC+0x3d6						/Users/smallhowcao/work/go/bin/go1.19.9/src/database/sql/sql.go:1787
#	0x17d7f1c	database/sql.(*DB).query+0xfc							/Users/smallhowcao/work/go/bin/go1.19.9/src/database/sql/sql.go:1735
#	0x17d7c59	database/sql.(*DB).QueryContext+0xd9						/Users/smallhowcao/work/go/bin/go1.19.9/src/database/sql/sql.go:1708
#	0x19f0a9b	github.com/horm/orm/database/sql/client.(*client).query+0x7b			/Users/smallhowcao/work/go/src/yan/orm/database/sql/client/client.go:182
#	0x19f03dc	github.com/horm/orm/database/sql/client.(*client).invoke+0x27c			/Users/smallhowcao/work/go/src/yan/orm/database/sql/client/client.go:156
#	0x19efa1b	github.com/horm/orm/database/sql/client.(*client).Query+0x3b			/Users/smallhowcao/work/go/src/yan/orm/database/sql/client/client.go:70
#	0x1b6eeda	github.com/horm/orm/database/sql.(*Query).query+0xba				/Users/smallhowcao/work/go/src/yan/orm/database/sql/sql.go:129
#	0x1b6e7b4	github.com/horm/orm/database/sql.(*Query).Count+0xd4				/Users/smallhowcao/work/go/src/yan/orm/database/sql/sql.go:75
#	0x1b6dec4	github.com/horm/orm/database/sql.(*Query).Query+0xb04				/Users/smallhowcao/work/go/src/yan/orm/database/sql/query.go:159
#	0x1b7df62	github.com/horm/orm/database.QueryResult+0x262					/Users/smallhowcao/work/go/src/yan/orm/database/query.go:42
#	0x1b7eed2	github.com/horm/orm.query+0x512							/Users/smallhowcao/work/go/src/yan/orm/parse.go:59
#	0x1b7e51a	github.com/horm/orm.(*ORM).Exec+0x15a						/Users/smallhowcao/work/go/src/yan/orm/orm.go:92
#	0x1b8108a	github.com/horm/manage/model/table.GetAppList+0x4ea				/Users/smallhowcao/work/go/src/yan/manage/model/table/app.go:33
#	0x1b99cb7	github.com/horm/manage/logic.AppList+0x57					/Users/smallhowcao/work/go/src/yan/manage/logic/app.go:16
#	0x1ba7a77	github.com/horm/manage/api.AppList+0xb7						/Users/smallhowcao/work/go/src/yan/manage/api/app.go:28
#	0x1b950cc	github.com/horm/manage/srv.apiHandle+0x30c					/Users/smallhowcao/work/go/src/yan/manage/srv/service.go:325
#	0x1b94b78	github.com/horm/manage/srv.(*service).handle+0x298				/Users/smallhowcao/work/go/src/yan/manage/srv/service.go:290
#	0x1b933b9	github.com/horm/manage/srv.(*service).Handle+0x259				/Users/smallhowcao/work/go/src/yan/manage/srv/service.go:128
#	0x1b8ffed	github.com/horm/manage/srv/transport/web.(*transportWeb).Serve.func1+0x30d	/Users/smallhowcao/work/go/src/yan/manage/srv/transport/web/transport_web.go:69
#	0x12e25ae	net/http.HandlerFunc.ServeHTTP+0x2e						/Users/smallhowcao/work/go/bin/go1.19.9/src/net/http/server.go:2109
#	0x12e59ab	net/http.serverHandler.ServeHTTP+0x30b						/Users/smallhowcao/work/go/bin/go1.19.9/src/net/http/server.go:2947
#	0x12e1086	net/http.(*conn).serve+0x606							/Users/smallhowcao/work/go/bin/go1.19.9/src/net/http/server.go:1991

0: 0 [1: 576] @ 0x100ffce 0x1011a79 0x1014c07 0x1b70150 0x1b6e35b 0x19f0b0f 0x19f03dd 0x19efa1c 0x1b6eedb 0x1b6e205 0x1b6ddbe 0x1b7df63 0x1b7eed3 0x1b7e51b 0x1b867d9 0x1b88534 0x1ba781a 0x1ba7a3a 0x1b950cd 0x1b94b79 0x1b933ba 0x1b8ffee 0x12e25af 0x12e59ac 0x12e1087 0x106f161
#	0x1b7014f	github.com/horm/orm/database/sql.(*Query).nextRow+0xe0f				/Users/smallhowcao/work/go/src/yan/orm/database/sql/sql.go:309
#	0x1b6e35a	github.com/horm/orm/database/sql.(*Query).Find.func1+0x9a			/Users/smallhowcao/work/go/src/yan/orm/database/sql/sql.go:20
#	0x19f0b0e	github.com/horm/orm/database/sql/client.(*client).query+0xee			/Users/smallhowcao/work/go/src/yan/orm/database/sql/client/client.go:192
#	0x19f03dc	github.com/horm/orm/database/sql/client.(*client).invoke+0x27c			/Users/smallhowcao/work/go/src/yan/orm/database/sql/client/client.go:156
#	0x19efa1b	github.com/horm/orm/database/sql/client.(*client).Query+0x3b			/Users/smallhowcao/work/go/src/yan/orm/database/sql/client/client.go:70
#	0x1b6eeda	github.com/horm/orm/database/sql.(*Query).query+0xba				/Users/smallhowcao/work/go/src/yan/orm/database/sql/sql.go:129
#	0x1b6e204	github.com/horm/orm/database/sql.(*Query).Find+0x184				/Users/smallhowcao/work/go/src/yan/orm/database/sql/sql.go:31
#	0x1b6ddbd	github.com/horm/orm/database/sql.(*Query).Query+0x9fd				/Users/smallhowcao/work/go/src/yan/orm/database/sql/query.go:144
#	0x1b7df62	github.com/horm/orm/database.QueryResult+0x262					/Users/smallhowcao/work/go/src/yan/orm/database/query.go:42
#	0x1b7eed2	github.com/horm/orm.query+0x512							/Users/smallhowcao/work/go/src/yan/orm/parse.go:59
#	0x1b7e51a	github.com/horm/orm.(*ORM).Exec+0x15a						/Users/smallhowcao/work/go/src/yan/orm/orm.go:92
#	0x1b867d8	github.com/horm/manage/model/table.GetWorkspaceMemberByUser+0x198		/Users/smallhowcao/work/go/src/yan/manage/model/table/workspace_member.go:35
#	0x1b88533	github.com/horm/manage/auth.IsWorkspaceMember+0x33				/Users/smallhowcao/work/go/src/yan/manage/auth/auth.go:35
#	0x1ba7819	github.com/horm/manage/api.DecodeAndAuth+0x159					/Users/smallhowcao/work/go/src/yan/manage/api/api.go:92
#	0x1ba7a39	github.com/horm/manage/api.AppList+0x79						/Users/smallhowcao/work/go/src/yan/manage/api/app.go:15
#	0x1b950cc	github.com/horm/manage/srv.apiHandle+0x30c					/Users/smallhowcao/work/go/src/yan/manage/srv/service.go:325
#	0x1b94b78	github.com/horm/manage/srv.(*service).handle+0x298				/Users/smallhowcao/work/go/src/yan/manage/srv/service.go:290
#	0x1b933b9	github.com/horm/manage/srv.(*service).Handle+0x259				/Users/smallhowcao/work/go/src/yan/manage/srv/service.go:128
#	0x1b8ffed	github.com/horm/manage/srv/transport/web.(*transportWeb).Serve.func1+0x30d	/Users/smallhowcao/work/go/src/yan/manage/srv/transport/web/transport_web.go:69
#	0x12e25ae	net/http.HandlerFunc.ServeHTTP+0x2e						/Users/smallhowcao/work/go/bin/go1.19.9/src/net/http/server.go:2109
#	0x12e59ab	net/http.serverHandler.ServeHTTP+0x30b						/Users/smallhowcao/work/go/bin/go1.19.9/src/net/http/server.go:2947
#	0x12e1086	net/http.(*conn).serve+0x606							/Users/smallhowcao/work/go/bin/go1.19.9/src/net/http/server.go:1991

0: 0 [2: 278528] @ 0x127a385 0x127a3bb 0x127ab68 0x1285899 0x13500c5 0x134c3db 0x106f161
#	0x127a384	compress/flate.newDeflateFast+0x424		/Users/smallhowcao/work/go/bin/go1.19.9/src/compress/flate/deflatefast.go:64
#	0x127a3ba	compress/flate.(*compressor).init+0x45a		/Users/smallhowcao/work/go/bin/go1.19.9/src/compress/flate/deflate.go:585
#	0x127ab67	compress/flate.NewWriter+0x47			/Users/smallhowcao/work/go/bin/go1.19.9/src/compress/flate/deflate.go:667
#	0x1285898	compress/gzip.(*Writer).Write+0x2d8		/Users/smallhowcao/work/go/bin/go1.19.9/src/compress/gzip/gzip.go:191
#	0x13500c4	runtime/pprof.(*profileBuilder).build+0x364	/Users/smallhowcao/work/go/bin/go1.19.9/src/runtime/pprof/proto.go:390
#	0x134c3da	runtime/pprof.profileWriter+0xba		/Users/smallhowcao/work/go/bin/go1.19.9/src/runtime/pprof/pprof.go:812

0: 0 [1: 131072] @ 0x104aa39 0x100865d 0x134c15f 0x1356d1e 0x12e25af 0x12e3f49 0x12e59ac 0x12e1087 0x106f161
#	0x134c15e	runtime/pprof.StartCPUProfile+0xfe	/Users/smallhowcao/work/go/bin/go1.19.9/src/runtime/pprof/pprof.go:782
#	0x1356d1d	net/http/pprof.Profile+0x29d		/Users/smallhowcao/work/go/bin/go1.19.9/src/net/http/pprof/pprof.go:136
#	0x12e25ae	net/http.HandlerFunc.ServeHTTP+0x2e	/Users/smallhowcao/work/go/bin/go1.19.9/src/net/http/server.go:2109
#	0x12e3f48	net/http.(*ServeMux).ServeHTTP+0x148	/Users/smallhowcao/work/go/bin/go1.19.9/src/net/http/server.go:2487
#	0x12e59ab	net/http.serverHandler.ServeHTTP+0x30b	/Users/smallhowcao/work/go/bin/go1.19.9/src/net/http/server.go:2947
#	0x12e1086	net/http.(*conn).serve+0x606		/Users/smallhowcao/work/go/bin/go1.19.9/src/net/http/server.go:1991

0: 0 [3: 3145728] @ 0x104a9f8 0x100865d 0x134c15f 0x1356d1e 0x12e25af 0x12e3f49 0x12e59ac 0x12e1087 0x106f161
#	0x134c15e	runtime/pprof.StartCPUProfile+0xfe	/Users/smallhowcao/work/go/bin/go1.19.9/src/runtime/pprof/pprof.go:782
#	0x1356d1d	net/http/pprof.Profile+0x29d		/Users/smallhowcao/work/go/bin/go1.19.9/src/net/http/pprof/pprof.go:136
#	0x12e25ae	net/http.HandlerFunc.ServeHTTP+0x2e	/Users/smallhowcao/work/go/bin/go1.19.9/src/net/http/server.go:2109
#	0x12e3f48	net/http.(*ServeMux).ServeHTTP+0x148	/Users/smallhowcao/work/go/bin/go1.19.9/src/net/http/server.go:2487
#	0x12e59ab	net/http.serverHandler.ServeHTTP+0x30b	/Users/smallhowcao/work/go/bin/go1.19.9/src/net/http/server.go:2947
#	0x12e1086	net/http.(*conn).serve+0x606		/Users/smallhowcao/work/go/bin/go1.19.9/src/net/http/server.go:1991

0: 0 [1: 131072] @ 0x104aa39 0x105d4d6 0x1356037 0x13570b6 0x12e25af 0x12e3f49 0x12e59ac 0x12e1087 0x106f161
#	0x1356036	runtime/trace.Start+0x96		/Users/smallhowcao/work/go/bin/go1.19.9/src/runtime/trace/trace.go:125
#	0x13570b5	net/http/pprof.Trace+0x295		/Users/smallhowcao/work/go/bin/go1.19.9/src/net/http/pprof/pprof.go:165
#	0x12e25ae	net/http.HandlerFunc.ServeHTTP+0x2e	/Users/smallhowcao/work/go/bin/go1.19.9/src/net/http/server.go:2109
#	0x12e3f48	net/http.(*ServeMux).ServeHTTP+0x148	/Users/smallhowcao/work/go/bin/go1.19.9/src/net/http/server.go:2487
#	0x12e59ab	net/http.serverHandler.ServeHTTP+0x30b	/Users/smallhowcao/work/go/bin/go1.19.9/src/net/http/server.go:2947
#	0x12e1086	net/http.(*conn).serve+0x606		/Users/smallhowcao/work/go/bin/go1.19.9/src/net/http/server.go:1991

0: 0 [0: 0] @ 0x1079c85 0x1079ace 0x1079805 0x12d1ae5 0x12d1f91 0x12df73b 0x12df612 0x12d9bfd 0x1266102 0x12e0349 0x12e10ca 0x106f161
#	0x1079c84	sync.(*Pool).pinSlow+0x184			/Users/smallhowcao/work/go/bin/go1.19.9/src/sync/pool.go:230
#	0x1079acd	sync.(*Pool).pin+0x4d				/Users/smallhowcao/work/go/bin/go1.19.9/src/sync/pool.go:209
#	0x1079804	sync.(*Pool).Get+0x24				/Users/smallhowcao/work/go/bin/go1.19.9/src/sync/pool.go:131
#	0x12d1ae4	net/http.Header.sortedKeyValues+0x44		/Users/smallhowcao/work/go/bin/go1.19.9/src/net/http/header.go:174
#	0x12d1f90	net/http.Header.writeSubset+0xd0		/Users/smallhowcao/work/go/bin/go1.19.9/src/net/http/header.go:201
#	0x12df73a	net/http.Header.WriteSubset+0x109a		/Users/smallhowcao/work/go/bin/go1.19.9/src/net/http/header.go:193
#	0x12df611	net/http.(*chunkWriter).writeHeader+0xf71	/Users/smallhowcao/work/go/bin/go1.19.9/src/net/http/server.go:1510
#	0x12d9bfc	net/http.(*chunkWriter).Write+0x3c		/Users/smallhowcao/work/go/bin/go1.19.9/src/net/http/server.go:375
#	0x1266101	bufio.(*Writer).Flush+0x61			/Users/smallhowcao/work/go/bin/go1.19.9/src/bufio/bufio.go:629
#	0x12e0348	net/http.(*response).finishRequest+0x48		/Users/smallhowcao/work/go/bin/go1.19.9/src/net/http/server.go:1653
#	0x12e10c9	net/http.(*conn).serve+0x649			/Users/smallhowcao/work/go/bin/go1.19.9/src/net/http/server.go:1997

0: 0 [3: 1990656] @ 0x127ab4f 0x1285899 0x13500c5 0x134c3db 0x106f161
#	0x127ab4e	compress/flate.NewWriter+0x2e			/Users/smallhowcao/work/go/bin/go1.19.9/src/compress/flate/deflate.go:666
#	0x1285898	compress/gzip.(*Writer).Write+0x2d8		/Users/smallhowcao/work/go/bin/go1.19.9/src/compress/gzip/gzip.go:191
#	0x13500c4	runtime/pprof.(*profileBuilder).build+0x364	/Users/smallhowcao/work/go/bin/go1.19.9/src/runtime/pprof/proto.go:390
#	0x134c3da	runtime/pprof.profileWriter+0xba		/Users/smallhowcao/work/go/bin/go1.19.9/src/runtime/pprof/pprof.go:812

0: 0 [1: 2688] @ 0x100ffce 0x100fd69 0x133a225 0x133a333 0x135820e 0x1357dcd 0x135891e 0x12e25af 0x12e3f49 0x12e59ac 0x12e1087 0x106f161
#	0x133a224	internal/profile.Merge+0x364			/Users/smallhowcao/work/go/bin/go1.19.9/src/internal/profile/merge.go:41
#	0x133a332	internal/profile.Merge+0x472			/Users/smallhowcao/work/go/bin/go1.19.9/src/internal/profile/merge.go:63
#	0x135820d	net/http/pprof.handler.serveDeltaProfile+0x3ad	/Users/smallhowcao/work/go/bin/go1.19.9/src/net/http/pprof/pprof.go:307
#	0x1357dcc	net/http/pprof.handler.ServeHTTP+0x4ec		/Users/smallhowcao/work/go/bin/go1.19.9/src/net/http/pprof/pprof.go:239
#	0x135891d	net/http/pprof.Index+0x13d			/Users/smallhowcao/work/go/bin/go1.19.9/src/net/http/pprof/pprof.go:371
#	0x12e25ae	net/http.HandlerFunc.ServeHTTP+0x2e		/Users/smallhowcao/work/go/bin/go1.19.9/src/net/http/server.go:2109
#	0x12e3f48	net/http.(*ServeMux).ServeHTTP+0x148		/Users/smallhowcao/work/go/bin/go1.19.9/src/net/http/server.go:2487
#	0x12e59ab	net/http.serverHandler.ServeHTTP+0x30b		/Users/smallhowcao/work/go/bin/go1.19.9/src/net/http/server.go:2947
#	0x12e1086	net/http.(*conn).serve+0x606			/Users/smallhowcao/work/go/bin/go1.19.9/src/net/http/server.go:1991

0: 0 [2: 2097152] @ 0x104a9f8 0x105d4d6 0x1356037 0x13570b6 0x12e25af 0x12e3f49 0x12e59ac 0x12e1087 0x106f161
#	0x1356036	runtime/trace.Start+0x96		/Users/smallhowcao/work/go/bin/go1.19.9/src/runtime/trace/trace.go:125
#	0x13570b5	net/http/pprof.Trace+0x295		/Users/smallhowcao/work/go/bin/go1.19.9/src/net/http/pprof/pprof.go:165
#	0x12e25ae	net/http.HandlerFunc.ServeHTTP+0x2e	/Users/smallhowcao/work/go/bin/go1.19.9/src/net/http/server.go:2109
#	0x12e3f48	net/http.(*ServeMux).ServeHTTP+0x148	/Users/smallhowcao/work/go/bin/go1.19.9/src/net/http/server.go:2487
#	0x12e59ab	net/http.serverHandler.ServeHTTP+0x30b	/Users/smallhowcao/work/go/bin/go1.19.9/src/net/http/server.go:2947
#	0x12e1086	net/http.(*conn).serve+0x606		/Users/smallhowcao/work/go/bin/go1.19.9/src/net/http/server.go:1991

0: 0 [1: 663552] @ 0x127ab4f 0x1285899 0x13500c5 0x13555e5 0x134a945 0x134a5a7 0x1348bab 0x1358705 0x1358195 0x1357dcd 0x135891e 0x12e25af 0x12e3f49 0x12e59ac 0x12e1087 0x106f161
#	0x127ab4e	compress/flate.NewWriter+0x2e			/Users/smallhowcao/work/go/bin/go1.19.9/src/compress/flate/deflate.go:666
#	0x1285898	compress/gzip.(*Writer).Write+0x2d8		/Users/smallhowcao/work/go/bin/go1.19.9/src/compress/gzip/gzip.go:191
#	0x13500c4	runtime/pprof.(*profileBuilder).build+0x364	/Users/smallhowcao/work/go/bin/go1.19.9/src/runtime/pprof/proto.go:390
#	0x13555e4	runtime/pprof.writeHeapProto+0x304		/Users/smallhowcao/work/go/bin/go1.19.9/src/runtime/pprof/protomem.go:65
#	0x134a944	runtime/pprof.writeHeapInternal+0x304		/Users/smallhowcao/work/go/bin/go1.19.9/src/runtime/pprof/pprof.go:575
#	0x134a5a6	runtime/pprof.writeHeap+0x26			/Users/smallhowcao/work/go/bin/go1.19.9/src/runtime/pprof/pprof.go:535
#	0x1348baa	runtime/pprof.(*Profile).WriteTo+0x14a		/Users/smallhowcao/work/go/bin/go1.19.9/src/runtime/pprof/pprof.go:330
#	0x1358704	net/http/pprof.collectProfile+0x44		/Users/smallhowcao/work/go/bin/go1.19.9/src/net/http/pprof/pprof.go:323
#	0x1358194	net/http/pprof.handler.serveDeltaProfile+0x334	/Users/smallhowcao/work/go/bin/go1.19.9/src/net/http/pprof/pprof.go:297
#	0x1357dcc	net/http/pprof.handler.ServeHTTP+0x4ec		/Users/smallhowcao/work/go/bin/go1.19.9/src/net/http/pprof/pprof.go:239
#	0x135891d	net/http/pprof.Index+0x13d			/Users/smallhowcao/work/go/bin/go1.19.9/src/net/http/pprof/pprof.go:371
#	0x12e25ae	net/http.HandlerFunc.ServeHTTP+0x2e		/Users/smallhowcao/work/go/bin/go1.19.9/src/net/http/server.go:2109
#	0x12e3f48	net/http.(*ServeMux).ServeHTTP+0x148		/Users/smallhowcao/work/go/bin/go1.19.9/src/net/http/server.go:2487
#	0x12e59ab	net/http.serverHandler.ServeHTTP+0x30b		/Users/smallhowcao/work/go/bin/go1.19.9/src/net/http/server.go:2947
#	0x12e1086	net/http.(*conn).serve+0x606			/Users/smallhowcao/work/go/bin/go1.19.9/src/net/http/server.go:1991

0: 0 [2: 48] @ 0x155e019 0x106f161
#	0x155e018	github.com/polarismesh/polaris-go/pkg/clock.(*clockImpl).updateTime+0x98	/Users/smallhowcao/work/go/pkg/mod/github.com/polarismesh/polaris-go@v1.5.3/pkg/clock/clock.go:58

0: 0 [1: 48] @ 0x11f1871 0x11d98b7 0x11f2008 0x11f11fd 0x12e5f05 0x12e5b3d 0x1bab4a5 0x1bab479 0x106f161
#	0x11f1870	net.sockaddrToTCP+0xf0			/Users/smallhowcao/work/go/bin/go1.19.9/src/net/tcpsock_posix.go:21
#	0x11d98b6	net.(*netFD).accept+0x336		/Users/smallhowcao/work/go/bin/go1.19.9/src/net/fd_unix.go:189
#	0x11f2007	net.(*TCPListener).accept+0x27		/Users/smallhowcao/work/go/bin/go1.19.9/src/net/tcpsock_posix.go:142
#	0x11f11fc	net.(*TCPListener).Accept+0x3c		/Users/smallhowcao/work/go/bin/go1.19.9/src/net/tcpsock.go:288
#	0x12e5f04	net/http.(*Server).Serve+0x384		/Users/smallhowcao/work/go/bin/go1.19.9/src/net/http/server.go:3070
#	0x12e5b3c	net/http.(*Server).ListenAndServe+0x7c	/Users/smallhowcao/work/go/bin/go1.19.9/src/net/http/server.go:2999
#	0x1bab4a4	net/http.ListenAndServe+0x44		/Users/smallhowcao/work/go/bin/go1.19.9/src/net/http/server.go:3255
#	0x1bab478	main.main.func1+0x18			/Users/smallhowcao/work/go/src/yan/manage/main.go:23

0: 0 [0: 0] @ 0x15187e5 0x1516114 0x150cda9 0x1513756 0x150cd69 0x1514b45 0x150cd85 0x150ca58 0x1525df1 0x1523933 0x1b7e5d8 0x1b8108b 0x1b99cb8 0x1ba7a78 0x1b950cd 0x1b94b79 0x1b933ba 0x1b8ffee 0x12e25af 0x12e59ac 0x12e1087 0x106f161
#	0x15187e4	github.com/horm/common/codec/mapstructure.(*Decoder).decodeStructFromMap+0x2604	/Users/smallhowcao/work/go/src/yan/common/codec/mapstructure/mapstructure.go:1359
#	0x1516113	github.com/horm/common/codec/mapstructure.(*Decoder).decodeStruct+0x5b3		/Users/smallhowcao/work/go/src/yan/common/codec/mapstructure/mapstructure.go:1246
#	0x150cda8	github.com/horm/common/codec/mapstructure.(*Decoder).decode+0x308		/Users/smallhowcao/work/go/src/yan/common/codec/mapstructure/mapstructure.go:482
#	0x1513755	github.com/horm/common/codec/mapstructure.(*Decoder).decodePtr+0x435		/Users/smallhowcao/work/go/src/yan/common/codec/mapstructure/mapstructure.go:1052
#	0x150cd68	github.com/horm/common/codec/mapstructure.(*Decoder).decode+0x2c8		/Users/smallhowcao/work/go/src/yan/common/codec/mapstructure/mapstructure.go:486
#	0x1514b44	github.com/horm/common/codec/mapstructure.(*Decoder).decodeSlice+0xce4		/Users/smallhowcao/work/go/src/yan/common/codec/mapstructure/mapstructure.go:1150
#	0x150cd84	github.com/horm/common/codec/mapstructure.(*Decoder).decode+0x2e4		/Users/smallhowcao/work/go/src/yan/common/codec/mapstructure/mapstructure.go:488
#	0x150ca57	github.com/horm/common/codec/mapstructure.(*Decoder).Decode+0xd7		/Users/smallhowcao/work/go/src/yan/common/codec/mapstructure/mapstructure.go:417
#	0x1525df0	github.com/horm/go-horm/horm/codec.(*Map2Structure).Decode+0xd0			/Users/smallhowcao/work/go/src/yan/go-horm/horm/codec/map2structure.go:28
#	0x1523932	github.com/horm/go-horm/horm/codec.(*defaultCodec).Decode+0xb32			/Users/smallhowcao/work/go/src/yan/go-horm/horm/codec/default.go:252
#	0x1b7e5d7	github.com/horm/orm.(*ORM).Exec+0x217						/Users/smallhowcao/work/go/src/yan/orm/orm.go:100
#	0x1b8108a	github.com/horm/manage/model/table.GetAppList+0x4ea				/Users/smallhowcao/work/go/src/yan/manage/model/table/app.go:33
#	0x1b99cb7	github.com/horm/manage/logic.AppList+0x57					/Users/smallhowcao/work/go/src/yan/manage/logic/app.go:16
#	0x1ba7a77	github.com/horm/manage/api.AppList+0xb7						/Users/smallhowcao/work/go/src/yan/manage/api/app.go:28
#	0x1b950cc	github.com/horm/manage/srv.apiHandle+0x30c					/Users/smallhowcao/work/go/src/yan/manage/srv/service.go:325
#	0x1b94b78	github.com/horm/manage/srv.(*service).handle+0x298				/Users/smallhowcao/work/go/src/yan/manage/srv/service.go:290
#	0x1b933b9	github.com/horm/manage/srv.(*service).Handle+0x259				/Users/smallhowcao/work/go/src/yan/manage/srv/service.go:128
#	0x1b8ffed	github.com/horm/manage/srv/transport/web.(*transportWeb).Serve.func1+0x30d	/Users/smallhowcao/work/go/src/yan/manage/srv/transport/web/transport_web.go:69
#	0x12e25ae	net/http.HandlerFunc.ServeHTTP+0x2e						/Users/smallhowcao/work/go/bin/go1.19.9/src/net/http/server.go:2109
#	0x12e59ab	net/http.serverHandler.ServeHTTP+0x30b						/Users/smallhowcao/work/go/bin/go1.19.9/src/net/http/server.go:2947
#	0x12e1086	net/http.(*conn).serve+0x606							/Users/smallhowcao/work/go/bin/go1.19.9/src/net/http/server.go:1991

0: 0 [1: 112] @ 0x131c8f9 0x131c8a9 0x131c36b 0x131c36b 0x131c36b 0x131c36b 0x131c36b 0x1324e51 0x1325a11 0x1325a06 0x17ec328 0x104a586 0x104a4d1 0x104a4d1 0x104a4d1 0x104a4d1 0x104a4d1 0x104a4d1 0x104a4d1 0x104a4d1 0x104a4d1 0x104a4d1 0x103d233 0x106f161
#	0x131c8f8	regexp/syntax.simplify1+0xa58			/Users/smallhowcao/work/go/bin/go1.19.9/src/regexp/syntax/simplify.go:148
#	0x131c8a8	regexp/syntax.(*Regexp).Simplify+0xa08		/Users/smallhowcao/work/go/bin/go1.19.9/src/regexp/syntax/simplify.go:100
#	0x131c36a	regexp/syntax.(*Regexp).Simplify+0x4ca		/Users/smallhowcao/work/go/bin/go1.19.9/src/regexp/syntax/simplify.go:23
#	0x131c36a	regexp/syntax.(*Regexp).Simplify+0x4ca		/Users/smallhowcao/work/go/bin/go1.19.9/src/regexp/syntax/simplify.go:23
#	0x131c36a	regexp/syntax.(*Regexp).Simplify+0x4ca		/Users/smallhowcao/work/go/bin/go1.19.9/src/regexp/syntax/simplify.go:23
#	0x131c36a	regexp/syntax.(*Regexp).Simplify+0x4ca		/Users/smallhowcao/work/go/bin/go1.19.9/src/regexp/syntax/simplify.go:23
#	0x131c36a	regexp/syntax.(*Regexp).Simplify+0x4ca		/Users/smallhowcao/work/go/bin/go1.19.9/src/regexp/syntax/simplify.go:23
#	0x1324e50	regexp.compile+0x70				/Users/smallhowcao/work/go/bin/go1.19.9/src/regexp/regexp.go:181
#	0x1325a10	regexp.Compile+0x30				/Users/smallhowcao/work/go/bin/go1.19.9/src/regexp/regexp.go:137
#	0x1325a05	regexp.MustCompile+0x25				/Users/smallhowcao/work/go/bin/go1.19.9/src/regexp/regexp.go:317
#	0x17ec327	go.opentelemetry.io/otel/trace.init+0x87	/Users/smallhowcao/work/go/pkg/mod/go.opentelemetry.io/otel/trace@v1.17.0/tracestate.go:45
#	0x104a585	runtime.doInit+0x125				/Users/smallhowcao/work/go/bin/go1.19.9/src/runtime/proc.go:6329
#	0x104a4d0	runtime.doInit+0x70				/Users/smallhowcao/work/go/bin/go1.19.9/src/runtime/proc.go:6306
#	0x104a4d0	runtime.doInit+0x70				/Users/smallhowcao/work/go/bin/go1.19.9/src/runtime/proc.go:6306
#	0x104a4d0	runtime.doInit+0x70				/Users/smallhowcao/work/go/bin/go1.19.9/src/runtime/proc.go:6306
#	0x104a4d0	runtime.doInit+0x70				/Users/smallhowcao/work/go/bin/go1.19.9/src/runtime/proc.go:6306
#	0x104a4d0	runtime.doInit+0x70				/Users/smallhowcao/work/go/bin/go1.19.9/src/runtime/proc.go:6306
#	0x104a4d0	runtime.doInit+0x70				/Users/smallhowcao/work/go/bin/go1.19.9/src/runtime/proc.go:6306
#	0x104a4d0	runtime.doInit+0x70				/Users/smallhowcao/work/go/bin/go1.19.9/src/runtime/proc.go:6306
#	0x104a4d0	runtime.doInit+0x70				/Users/smallhowcao/work/go/bin/go1.19.9/src/runtime/proc.go:6306
#	0x104a4d0	runtime.doInit+0x70				/Users/smallhowcao/work/go/bin/go1.19.9/src/runtime/proc.go:6306
#	0x104a4d0	runtime.doInit+0x70				/Users/smallhowcao/work/go/bin/go1.19.9/src/runtime/proc.go:6306
#	0x103d232	runtime.main+0x1d2				/Users/smallhowcao/work/go/bin/go1.19.9/src/runtime/proc.go:233

0: 0 [1: 112] @ 0x131c805 0x131c36b 0x131c36b 0x131c36b 0x131c36b 0x131c36b 0x1324e51 0x1325a11 0x1325a06 0x17ec328 0x104a586 0x104a4d1 0x104a4d1 0x104a4d1 0x104a4d1 0x104a4d1 0x104a4d1 0x104a4d1 0x104a4d1 0x104a4d1 0x104a4d1 0x103d233 0x106f161
#	0x131c804	regexp/syntax.(*Regexp).Simplify+0x964		/Users/smallhowcao/work/go/bin/go1.19.9/src/regexp/syntax/simplify.go:98
#	0x131c36a	regexp/syntax.(*Regexp).Simplify+0x4ca		/Users/smallhowcao/work/go/bin/go1.19.9/src/regexp/syntax/simplify.go:23
#	0x131c36a	regexp/syntax.(*Regexp).Simplify+0x4ca		/Users/smallhowcao/work/go/bin/go1.19.9/src/regexp/syntax/simplify.go:23
#	0x131c36a	regexp/syntax.(*Regexp).Simplify+0x4ca		/Users/smallhowcao/work/go/bin/go1.19.9/src/regexp/syntax/simplify.go:23
#	0x131c36a	regexp/syntax.(*Regexp).Simplify+0x4ca		/Users/smallhowcao/work/go/bin/go1.19.9/src/regexp/syntax/simplify.go:23
#	0x131c36a	regexp/syntax.(*Regexp).Simplify+0x4ca		/Users/smallhowcao/work/go/bin/go1.19.9/src/regexp/syntax/simplify.go:23
#	0x1324e50	regexp.compile+0x70				/Users/smallhowcao/work/go/bin/go1.19.9/src/regexp/regexp.go:181
#	0x1325a10	regexp.Compile+0x30				/Users/smallhowcao/work/go/bin/go1.19.9/src/regexp/regexp.go:137
#	0x1325a05	regexp.MustCompile+0x25				/Users/smallhowcao/work/go/bin/go1.19.9/src/regexp/regexp.go:317
#	0x17ec327	go.opentelemetry.io/otel/trace.init+0x87	/Users/smallhowcao/work/go/pkg/mod/go.opentelemetry.io/otel/trace@v1.17.0/tracestate.go:45
#	0x104a585	runtime.doInit+0x125				/Users/smallhowcao/work/go/bin/go1.19.9/src/runtime/proc.go:6329
#	0x104a4d0	runtime.doInit+0x70				/Users/smallhowcao/work/go/bin/go1.19.9/src/runtime/proc.go:6306
#	0x104a4d0	runtime.doInit+0x70				/Users/smallhowcao/work/go/bin/go1.19.9/src/runtime/proc.go:6306
#	0x104a4d0	runtime.doInit+0x70				/Users/smallhowcao/work/go/bin/go1.19.9/src/runtime/proc.go:6306
#	0x104a4d0	runtime.doInit+0x70				/Users/smallhowcao/work/go/bin/go1.19.9/src/runtime/proc.go:6306
#	0x104a4d0	runtime.doInit+0x70				/Users/smallhowcao/work/go/bin/go1.19.9/src/runtime/proc.go:6306
#	0x104a4d0	runtime.doInit+0x70				/Users/smallhowcao/work/go/bin/go1.19.9/src/runtime/proc.go:6306
#	0x104a4d0	runtime.doInit+0x70				/Users/smallhowcao/work/go/bin/go1.19.9/src/runtime/proc.go:6306
#	0x104a4d0	runtime.doInit+0x70				/Users/smallhowcao/work/go/bin/go1.19.9/src/runtime/proc.go:6306
#	0x104a4d0	runtime.doInit+0x70				/Users/smallhowcao/work/go/bin/go1.19.9/src/runtime/proc.go:6306
#	0x104a4d0	runtime.doInit+0x70				/Users/smallhowcao/work/go/bin/go1.19.9/src/runtime/proc.go:6306
#	0x103d232	runtime.main+0x1d2				/Users/smallhowcao/work/go/bin/go1.19.9/src/runtime/proc.go:233

0: 0 [0: 0] @ 0x15187e5 0x1516114 0x150cda9 0x1513756 0x150cd69 0x1514b45 0x150cd85 0x150ca58 0x1525df1 0x1523ed0 0x1b7e5d8 0x1b85aff 0x1b85d4b 0x1b99f87 0x1ba7a78 0x1b950cd 0x1b94b79 0x1b933ba 0x1b8ffee 0x12e25af 0x12e59ac 0x12e1087 0x106f161
#	0x15187e4	github.com/horm/common/codec/mapstructure.(*Decoder).decodeStructFromMap+0x2604	/Users/smallhowcao/work/go/src/yan/common/codec/mapstructure/mapstructure.go:1359
#	0x1516113	github.com/horm/common/codec/mapstructure.(*Decoder).decodeStruct+0x5b3		/Users/smallhowcao/work/go/src/yan/common/codec/mapstructure/mapstructure.go:1246
#	0x150cda8	github.com/horm/common/codec/mapstructure.(*Decoder).decode+0x308		/Users/smallhowcao/work/go/src/yan/common/codec/mapstructure/mapstructure.go:482
#	0x1513755	github.com/horm/common/codec/mapstructure.(*Decoder).decodePtr+0x435		/Users/smallhowcao/work/go/src/yan/common/codec/mapstructure/mapstructure.go:1052
#	0x150cd68	github.com/horm/common/codec/mapstructure.(*Decoder).decode+0x2c8		/Users/smallhowcao/work/go/src/yan/common/codec/mapstructure/mapstructure.go:486
#	0x1514b44	github.com/horm/common/codec/mapstructure.(*Decoder).decodeSlice+0xce4		/Users/smallhowcao/work/go/src/yan/common/codec/mapstructure/mapstructure.go:1150
#	0x150cd84	github.com/horm/common/codec/mapstructure.(*Decoder).decode+0x2e4		/Users/smallhowcao/work/go/src/yan/common/codec/mapstructure/mapstructure.go:488
#	0x150ca57	github.com/horm/common/codec/mapstructure.(*Decoder).Decode+0xd7		/Users/smallhowcao/work/go/src/yan/common/codec/mapstructure/mapstructure.go:417
#	0x1525df0	github.com/horm/go-horm/horm/codec.(*Map2Structure).Decode+0xd0			/Users/smallhowcao/work/go/src/yan/go-horm/horm/codec/map2structure.go:28
#	0x1523ecf	github.com/horm/go-horm/horm/codec.(*defaultCodec).Decode+0x10cf		/Users/smallhowcao/work/go/src/yan/go-horm/horm/codec/default.go:311
#	0x1b7e5d7	github.com/horm/orm.(*ORM).Exec+0x217						/Users/smallhowcao/work/go/src/yan/orm/orm.go:100
#	0x1b85afe	github.com/horm/manage/model/table.GetUserBasesByIds+0x2de			/Users/smallhowcao/work/go/src/yan/manage/model/table/user.go:50
#	0x1b85d4a	github.com/horm/manage/model/table.GetUserBasesMapByIds+0x6a			/Users/smallhowcao/work/go/src/yan/manage/model/table/user.go:67
#	0x1b99f86	github.com/horm/manage/logic.AppList+0x326					/Users/smallhowcao/work/go/src/yan/manage/logic/app.go:34
#	0x1ba7a77	github.com/horm/manage/api.AppList+0xb7						/Users/smallhowcao/work/go/src/yan/manage/api/app.go:28
#	0x1b950cc	github.com/horm/manage/srv.apiHandle+0x30c					/Users/smallhowcao/work/go/src/yan/manage/srv/service.go:325
#	0x1b94b78	github.com/horm/manage/srv.(*service).handle+0x298				/Users/smallhowcao/work/go/src/yan/manage/srv/service.go:290
#	0x1b933b9	github.com/horm/manage/srv.(*service).Handle+0x259				/Users/smallhowcao/work/go/src/yan/manage/srv/service.go:128
#	0x1b8ffed	github.com/horm/manage/srv/transport/web.(*transportWeb).Serve.func1+0x30d	/Users/smallhowcao/work/go/src/yan/manage/srv/transport/web/transport_web.go:69
#	0x12e25ae	net/http.HandlerFunc.ServeHTTP+0x2e						/Users/smallhowcao/work/go/bin/go1.19.9/src/net/http/server.go:2109
#	0x12e59ab	net/http.serverHandler.ServeHTTP+0x30b						/Users/smallhowcao/work/go/bin/go1.19.9/src/net/http/server.go:2947
#	0x12e1086	net/http.(*conn).serve+0x606							/Users/smallhowcao/work/go/bin/go1.19.9/src/net/http/server.go:1991

0: 0 [1: 32] @ 0x1310fa5 0x131142d 0x1314ea5 0x1324e16 0x1324e11 0x1325a11 0x1325a06 0x176e7f7 0x104a586 0x104a4d1 0x104a4d1 0x104a4d1 0x104a4d1 0x104a4d1 0x104a4d1 0x104a4d1 0x104a4d1 0x104a4d1 0x104a4d1 0x104a4d1 0x104a4d1 0x103d233 0x106f161
#	0x1310fa4	regexp/syntax.(*parser).push+0x284	/Users/smallhowcao/work/go/bin/go1.19.9/src/regexp/syntax/parse.go:325
#	0x131142c	regexp/syntax.(*parser).literal+0x10c	/Users/smallhowcao/work/go/bin/go1.19.9/src/regexp/syntax/parse.go:376
#	0x1314ea4	regexp/syntax.parse+0xc44		/Users/smallhowcao/work/go/bin/go1.19.9/src/regexp/syntax/parse.go:933
#	0x1324e15	regexp/syntax.Parse+0x35		/Users/smallhowcao/work/go/bin/go1.19.9/src/regexp/syntax/parse.go:890
#	0x1324e10	regexp.compile+0x30			/Users/smallhowcao/work/go/bin/go1.19.9/src/regexp/regexp.go:174
#	0x1325a10	regexp.Compile+0x30			/Users/smallhowcao/work/go/bin/go1.19.9/src/regexp/regexp.go:137
#	0x1325a05	regexp.MustCompile+0x25			/Users/smallhowcao/work/go/bin/go1.19.9/src/regexp/regexp.go:317
#	0x176e7f6	github.com/prometheus/procfs.init+0x176	/Users/smallhowcao/work/go/pkg/mod/github.com/prometheus/procfs@v0.7.3/proc_fdinfo.go:28
#	0x104a585	runtime.doInit+0x125			/Users/smallhowcao/work/go/bin/go1.19.9/src/runtime/proc.go:6329
#	0x104a4d0	runtime.doInit+0x70			/Users/smallhowcao/work/go/bin/go1.19.9/src/runtime/proc.go:6306
#	0x104a4d0	runtime.doInit+0x70			/Users/smallhowcao/work/go/bin/go1.19.9/src/runtime/proc.go:6306
#	0x104a4d0	runtime.doInit+0x70			/Users/smallhowcao/work/go/bin/go1.19.9/src/runtime/proc.go:6306
#	0x104a4d0	runtime.doInit+0x70			/Users/smallhowcao/work/go/bin/go1.19.9/src/runtime/proc.go:6306
#	0x104a4d0	runtime.doInit+0x70			/Users/smallhowcao/work/go/bin/go1.19.9/src/runtime/proc.go:6306
#	0x104a4d0	runtime.doInit+0x70			/Users/smallhowcao/work/go/bin/go1.19.9/src/runtime/proc.go:6306
#	0x104a4d0	runtime.doInit+0x70			/Users/smallhowcao/work/go/bin/go1.19.9/src/runtime/proc.go:6306
#	0x104a4d0	runtime.doInit+0x70			/Users/smallhowcao/work/go/bin/go1.19.9/src/runtime/proc.go:6306
#	0x104a4d0	runtime.doInit+0x70			/Users/smallhowcao/work/go/bin/go1.19.9/src/runtime/proc.go:6306
#	0x104a4d0	runtime.doInit+0x70			/Users/smallhowcao/work/go/bin/go1.19.9/src/runtime/proc.go:6306
#	0x104a4d0	runtime.doInit+0x70			/Users/smallhowcao/work/go/bin/go1.19.9/src/runtime/proc.go:6306
#	0x104a4d0	runtime.doInit+0x70			/Users/smallhowcao/work/go/bin/go1.19.9/src/runtime/proc.go:6306
#	0x103d232	runtime.main+0x1d2			/Users/smallhowcao/work/go/bin/go1.19.9/src/runtime/proc.go:233

0: 0 [1: 32768] @ 0x1281ebd 0x1281e56 0x1284a3b 0x1284098 0x1283d5e 0x1504597 0x16fea5a 0x104a586 0x104a4d1 0x104a4d1 0x104a4d1 0x104a4d1 0x104a4d1 0x104a4d1 0x104a4d1 0x104a4d1 0x104a4d1 0x104a4d1 0x104a4d1 0x103d233 0x106f161
#	0x1281ebc	compress/flate.(*dictDecoder).init+0x31c							/Users/smallhowcao/work/go/bin/go1.19.9/src/compress/flate/dict_decoder.go:43
#	0x1281e55	compress/flate.NewReader+0x2b5									/Users/smallhowcao/work/go/bin/go1.19.9/src/compress/flate/inflate.go:804
#	0x1284a3a	compress/gzip.(*Reader).readHeader+0x63a							/Users/smallhowcao/work/go/bin/go1.19.9/src/compress/gzip/gunzip.go:238
#	0x1284097	compress/gzip.(*Reader).Reset+0x2d7								/Users/smallhowcao/work/go/bin/go1.19.9/src/compress/gzip/gunzip.go:113
#	0x1283d5d	compress/gzip.NewReader+0x3d									/Users/smallhowcao/work/go/bin/go1.19.9/src/compress/gzip/gunzip.go:94
#	0x1504596	github.com/golang/protobuf/proto.RegisterFile+0xb6						/Users/smallhowcao/work/go/pkg/mod/github.com/golang/protobuf@v1.5.3/proto/registry.go:36
#	0x16fea59	github.com/polarismesh/specification/source/go/api/v1/traffic_manage/ratelimiter.init.0+0x39	/Users/smallhowcao/work/go/pkg/mod/github.com/polarismesh/specification@v1.4.0/source/go/api/v1/traffic_manage/ratelimiter/grpcapi_ratelimiter.pb.go:169
#	0x104a585	runtime.doInit+0x125										/Users/smallhowcao/work/go/bin/go1.19.9/src/runtime/proc.go:6329
#	0x104a4d0	runtime.doInit+0x70										/Users/smallhowcao/work/go/bin/go1.19.9/src/runtime/proc.go:6306
#	0x104a4d0	runtime.doInit+0x70										/Users/smallhowcao/work/go/bin/go1.19.9/src/runtime/proc.go:6306
#	0x104a4d0	runtime.doInit+0x70										/Users/smallhowcao/work/go/bin/go1.19.9/src/runtime/proc.go:6306
#	0x104a4d0	runtime.doInit+0x70										/Users/smallhowcao/work/go/bin/go1.19.9/src/runtime/proc.go:6306
#	0x104a4d0	runtime.doInit+0x70										/Users/smallhowcao/work/go/bin/go1.19.9/src/runtime/proc.go:6306
#	0x104a4d0	runtime.doInit+0x70										/Users/smallhowcao/work/go/bin/go1.19.9/src/runtime/proc.go:6306
#	0x104a4d0	runtime.doInit+0x70										/Users/smallhowcao/work/go/bin/go1.19.9/src/runtime/proc.go:6306
#	0x104a4d0	runtime.doInit+0x70										/Users/smallhowcao/work/go/bin/go1.19.9/src/runtime/proc.go:6306
#	0x104a4d0	runtime.doInit+0x70										/Users/smallhowcao/work/go/bin/go1.19.9/src/runtime/proc.go:6306
#	0x104a4d0	runtime.doInit+0x70										/Users/smallhowcao/work/go/bin/go1.19.9/src/runtime/proc.go:6306
#	0x104a4d0	runtime.doInit+0x70										/Users/smallhowcao/work/go/bin/go1.19.9/src/runtime/proc.go:6306
#	0x103d232	runtime.main+0x1d2										/Users/smallhowcao/work/go/bin/go1.19.9/src/runtime/proc.go:233

0: 0 [1: 32768] @ 0x1281ebd 0x1281e56 0x1284a3b 0x1284098 0x1283d5e 0x1504597 0x16cdc7a 0x104a586 0x104a4d1 0x104a4d1 0x104a4d1 0x104a4d1 0x104a4d1 0x104a4d1 0x104a4d1 0x104a4d1 0x104a4d1 0x104a4d1 0x104a4d1 0x104a4d1 0x103d233 0x106f161
#	0x1281ebc	compress/flate.(*dictDecoder).init+0x31c						/Users/smallhowcao/work/go/bin/go1.19.9/src/compress/flate/dict_decoder.go:43
#	0x1281e55	compress/flate.NewReader+0x2b5								/Users/smallhowcao/work/go/bin/go1.19.9/src/compress/flate/inflate.go:804
#	0x1284a3a	compress/gzip.(*Reader).readHeader+0x63a						/Users/smallhowcao/work/go/bin/go1.19.9/src/compress/gzip/gunzip.go:238
#	0x1284097	compress/gzip.(*Reader).Reset+0x2d7							/Users/smallhowcao/work/go/bin/go1.19.9/src/compress/gzip/gunzip.go:113
#	0x1283d5d	compress/gzip.NewReader+0x3d								/Users/smallhowcao/work/go/bin/go1.19.9/src/compress/gzip/gunzip.go:94
#	0x1504596	github.com/golang/protobuf/proto.RegisterFile+0xb6					/Users/smallhowcao/work/go/pkg/mod/github.com/golang/protobuf@v1.5.3/proto/registry.go:36
#	0x16cdc79	github.com/polarismesh/specification/source/go/api/v1/service_manage.init.8+0x39	/Users/smallhowcao/work/go/pkg/mod/github.com/polarismesh/specification@v1.4.0/source/go/api/v1/service_manage/request.pb.go:116
#	0x104a585	runtime.doInit+0x125									/Users/smallhowcao/work/go/bin/go1.19.9/src/runtime/proc.go:6329
#	0x104a4d0	runtime.doInit+0x70									/Users/smallhowcao/work/go/bin/go1.19.9/src/runtime/proc.go:6306
#	0x104a4d0	runtime.doInit+0x70									/Users/smallhowcao/work/go/bin/go1.19.9/src/runtime/proc.go:6306
#	0x104a4d0	runtime.doInit+0x70									/Users/smallhowcao/work/go/bin/go1.19.9/src/runtime/proc.go:6306
#	0x104a4d0	runtime.doInit+0x70									/Users/smallhowcao/work/go/bin/go1.19.9/src/runtime/proc.go:6306
#	0x104a4d0	runtime.doInit+0x70									/Users/smallhowcao/work/go/bin/go1.19.9/src/runtime/proc.go:6306
#	0x104a4d0	runtime.doInit+0x70									/Users/smallhowcao/work/go/bin/go1.19.9/src/runtime/proc.go:6306
#	0x104a4d0	runtime.doInit+0x70									/Users/smallhowcao/work/go/bin/go1.19.9/src/runtime/proc.go:6306
#	0x104a4d0	runtime.doInit+0x70									/Users/smallhowcao/work/go/bin/go1.19.9/src/runtime/proc.go:6306
#	0x104a4d0	runtime.doInit+0x70									/Users/smallhowcao/work/go/bin/go1.19.9/src/runtime/proc.go:6306
#	0x104a4d0	runtime.doInit+0x70									/Users/smallhowcao/work/go/bin/go1.19.9/src/runtime/proc.go:6306
#	0x104a4d0	runtime.doInit+0x70									/Users/smallhowcao/work/go/bin/go1.19.9/src/runtime/proc.go:6306
#	0x104a4d0	runtime.doInit+0x70									/Users/smallhowcao/work/go/bin/go1.19.9/src/runtime/proc.go:6306
#	0x103d232	runtime.main+0x1d2									/Users/smallhowcao/work/go/bin/go1.19.9/src/runtime/proc.go:233

0: 0 [1: 32768] @ 0x1281ebd 0x1281e56 0x1284a3b 0x1284098 0x1283d5e 0x1504597 0x16c747a 0x104a586 0x104a4d1 0x104a4d1 0x104a4d1 0x104a4d1 0x104a4d1 0x104a4d1 0x104a4d1 0x104a4d1 0x104a4d1 0x104a4d1 0x104a4d1 0x104a4d1 0x104a4d1 0x103d233 0x106f161
#	0x1281ebc	compress/flate.(*dictDecoder).init+0x31c						/Users/smallhowcao/work/go/bin/go1.19.9/src/compress/flate/dict_decoder.go:43
#	0x1281e55	compress/flate.NewReader+0x2b5								/Users/smallhowcao/work/go/bin/go1.19.9/src/compress/flate/inflate.go:804
#	0x1284a3a	compress/gzip.(*Reader).readHeader+0x63a						/Users/smallhowcao/work/go/bin/go1.19.9/src/compress/gzip/gunzip.go:238
#	0x1284097	compress/gzip.(*Reader).Reset+0x2d7							/Users/smallhowcao/work/go/bin/go1.19.9/src/compress/gzip/gunzip.go:113
#	0x1283d5d	compress/gzip.NewReader+0x3d								/Users/smallhowcao/work/go/bin/go1.19.9/src/compress/gzip/gunzip.go:94
#	0x1504596	github.com/golang/protobuf/proto.RegisterFile+0xb6					/Users/smallhowcao/work/go/pkg/mod/github.com/golang/protobuf@v1.5.3/proto/registry.go:36
#	0x16c7479	github.com/polarismesh/specification/source/go/api/v1/traffic_manage.init.3+0x39	/Users/smallhowcao/work/go/pkg/mod/github.com/polarismesh/specification@v1.4.0/source/go/api/v1/traffic_manage/routing.pb.go:1087
#	0x104a585	runtime.doInit+0x125									/Users/smallhowcao/work/go/bin/go1.19.9/src/runtime/proc.go:6329
#	0x104a4d0	runtime.doInit+0x70									/Users/smallhowcao/work/go/bin/go1.19.9/src/runtime/proc.go:6306
#	0x104a4d0	runtime.doInit+0x70									/Users/smallhowcao/work/go/bin/go1.19.9/src/runtime/proc.go:6306
#	0x104a4d0	runtime.doInit+0x70									/Users/smallhowcao/work/go/bin/go1.19.9/src/runtime/proc.go:6306
#	0x104a4d0	runtime.doInit+0x70									/Users/smallhowcao/work/go/bin/go1.19.9/src/runtime/proc.go:6306
#	0x104a4d0	runtime.doInit+0x70									/Users/smallhowcao/work/go/bin/go1.19.9/src/runtime/proc.go:6306
#	0x104a4d0	runtime.doInit+0x70									/Users/smallhowcao/work/go/bin/go1.19.9/src/runtime/proc.go:6306
#	0x104a4d0	runtime.doInit+0x70									/Users/smallhowcao/work/go/bin/go1.19.9/src/runtime/proc.go:6306
#	0x104a4d0	runtime.doInit+0x70									/Users/smallhowcao/work/go/bin/go1.19.9/src/runtime/proc.go:6306
#	0x104a4d0	runtime.doInit+0x70									/Users/smallhowcao/work/go/bin/go1.19.9/src/runtime/proc.go:6306
#	0x104a4d0	runtime.doInit+0x70									/Users/smallhowcao/work/go/bin/go1.19.9/src/runtime/proc.go:6306
#	0x104a4d0	runtime.doInit+0x70									/Users/smallhowcao/work/go/bin/go1.19.9/src/runtime/proc.go:6306
#	0x104a4d0	runtime.doInit+0x70									/Users/smallhowcao/work/go/bin/go1.19.9/src/runtime/proc.go:6306
#	0x104a4d0	runtime.doInit+0x70									/Users/smallhowcao/work/go/bin/go1.19.9/src/runtime/proc.go:6306
#	0x103d232	runtime.main+0x1d2									/Users/smallhowcao/work/go/bin/go1.19.9/src/runtime/proc.go:233

0: 0 [0: 0] @ 0x1b6f3c5 0x1b6e60d 0x19f0b0f 0x19f03dd 0x19efa1c 0x1b6eedb 0x1b6e525 0x1b6df8c 0x1b7df63 0x1b7eed3 0x1b7e51b 0x1b85aff 0x1b85d4b 0x1b99f87 0x1ba7a78 0x1b950cd 0x1b94b79 0x1b933ba 0x1b8ffee 0x12e25af 0x12e59ac 0x12e1087 0x106f161
#	0x1b6f3c4	github.com/horm/orm/database/sql.(*Query).nextRow+0x84				/Users/smallhowcao/work/go/src/yan/orm/database/sql/sql.go:177
#	0x1b6e60c	github.com/horm/orm/database/sql.(*Query).FindAll.func1+0x4c			/Users/smallhowcao/work/go/src/yan/orm/database/sql/sql.go:44
#	0x19f0b0e	github.com/horm/orm/database/sql/client.(*client).query+0xee			/Users/smallhowcao/work/go/src/yan/orm/database/sql/client/client.go:192
#	0x19f03dc	github.com/horm/orm/database/sql/client.(*client).invoke+0x27c			/Users/smallhowcao/work/go/src/yan/orm/database/sql/client/client.go:156
#	0x19efa1b	github.com/horm/orm/database/sql/client.(*client).Query+0x3b			/Users/smallhowcao/work/go/src/yan/orm/database/sql/client/client.go:70
#	0x1b6eeda	github.com/horm/orm/database/sql.(*Query).query+0xba				/Users/smallhowcao/work/go/src/yan/orm/database/sql/sql.go:129
#	0x1b6e524	github.com/horm/orm/database/sql.(*Query).FindAll+0x144				/Users/smallhowcao/work/go/src/yan/orm/database/sql/sql.go:61
#	0x1b6df8b	github.com/horm/orm/database/sql.(*Query).Query+0xbcb				/Users/smallhowcao/work/go/src/yan/orm/database/sql/query.go:172
#	0x1b7df62	github.com/horm/orm/database.QueryResult+0x262					/Users/smallhowcao/work/go/src/yan/orm/database/query.go:42
#	0x1b7eed2	github.com/horm/orm.query+0x512							/Users/smallhowcao/work/go/src/yan/orm/parse.go:59
#	0x1b7e51a	github.com/horm/orm.(*ORM).Exec+0x15a						/Users/smallhowcao/work/go/src/yan/orm/orm.go:92
#	0x1b85afe	github.com/horm/manage/model/table.GetUserBasesByIds+0x2de			/Users/smallhowcao/work/go/src/yan/manage/model/table/user.go:50
#	0x1b85d4a	github.com/horm/manage/model/table.GetUserBasesMapByIds+0x6a			/Users/smallhowcao/work/go/src/yan/manage/model/table/user.go:67
#	0x1b99f86	github.com/horm/manage/logic.AppList+0x326					/Users/smallhowcao/work/go/src/yan/manage/logic/app.go:34
#	0x1ba7a77	github.com/horm/manage/api.AppList+0xb7						/Users/smallhowcao/work/go/src/yan/manage/api/app.go:28
#	0x1b950cc	github.com/horm/manage/srv.apiHandle+0x30c					/Users/smallhowcao/work/go/src/yan/manage/srv/service.go:325
#	0x1b94b78	github.com/horm/manage/srv.(*service).handle+0x298				/Users/smallhowcao/work/go/src/yan/manage/srv/service.go:290
#	0x1b933b9	github.com/horm/manage/srv.(*service).Handle+0x259				/Users/smallhowcao/work/go/src/yan/manage/srv/service.go:128
#	0x1b8ffed	github.com/horm/manage/srv/transport/web.(*transportWeb).Serve.func1+0x30d	/Users/smallhowcao/work/go/src/yan/manage/srv/transport/web/transport_web.go:69
#	0x12e25ae	net/http.HandlerFunc.ServeHTTP+0x2e						/Users/smallhowcao/work/go/bin/go1.19.9/src/net/http/server.go:2109
#	0x12e59ab	net/http.serverHandler.ServeHTTP+0x30b						/Users/smallhowcao/work/go/bin/go1.19.9/src/net/http/server.go:2947
#	0x12e1086	net/http.(*conn).serve+0x606							/Users/smallhowcao/work/go/bin/go1.19.9/src/net/http/server.go:1991

0: 0 [1: 4864] @ 0x1281bf1 0x1284a3b 0x1284098 0x1283d5e 0x14da2c6 0x14dae27 0x14da8a5 0x14da79e 0x14d883d 0x1504896 0x1560f52 0x104a586 0x104a4d1 0x104a4d1 0x104a4d1 0x104a4d1 0x104a4d1 0x104a4d1 0x104a4d1 0x104a4d1 0x104a4d1 0x104a4d1 0x104a4d1 0x103d233 0x106f161
#	0x1281bf0	compress/flate.NewReader+0x50							/Users/smallhowcao/work/go/bin/go1.19.9/src/compress/flate/inflate.go:799
#	0x1284a3a	compress/gzip.(*Reader).readHeader+0x63a					/Users/smallhowcao/work/go/bin/go1.19.9/src/compress/gzip/gunzip.go:238
#	0x1284097	compress/gzip.(*Reader).Reset+0x2d7						/Users/smallhowcao/work/go/bin/go1.19.9/src/compress/gzip/gunzip.go:113
#	0x1283d5d	compress/gzip.NewReader+0x3d							/Users/smallhowcao/work/go/bin/go1.19.9/src/compress/gzip/gunzip.go:94
#	0x14da2c5	google.golang.org/protobuf/internal/impl.legacyLoadFileDesc+0x105		/Users/smallhowcao/work/go/pkg/mod/google.golang.org/protobuf@v1.31.0/internal/impl/legacy_file.go:50
#	0x14dae26	google.golang.org/protobuf/internal/impl.legacyLoadMessageDesc+0x246		/Users/smallhowcao/work/go/pkg/mod/google.golang.org/protobuf@v1.31.0/internal/impl/legacy_message.go:142
#	0x14da8a4	google.golang.org/protobuf/internal/impl.legacyLoadMessageInfo+0xa4		/Users/smallhowcao/work/go/pkg/mod/google.golang.org/protobuf@v1.31.0/internal/impl/legacy_message.go:56
#	0x14da79d	google.golang.org/protobuf/internal/impl.legacyLoadMessageType+0xbd		/Users/smallhowcao/work/go/pkg/mod/google.golang.org/protobuf@v1.31.0/internal/impl/legacy_message.go:40
#	0x14d883c	google.golang.org/protobuf/internal/impl.Export.LegacyMessageTypeOf+0x9c	/Users/smallhowcao/work/go/pkg/mod/google.golang.org/protobuf@v1.31.0/internal/impl/legacy_export.go:33
#	0x1504895	github.com/golang/protobuf/proto.RegisterType+0x35				/Users/smallhowcao/work/go/pkg/mod/github.com/golang/protobuf@v1.5.3/proto/registry.go:180
#	0x1560f51	github.com/polarismesh/specification/source/go/api/v1/model.init.2+0x31		/Users/smallhowcao/work/go/pkg/mod/github.com/polarismesh/specification@v1.4.0/source/go/api/v1/model/model.pb.go:294
#	0x104a585	runtime.doInit+0x125								/Users/smallhowcao/work/go/bin/go1.19.9/src/runtime/proc.go:6329
#	0x104a4d0	runtime.doInit+0x70								/Users/smallhowcao/work/go/bin/go1.19.9/src/runtime/proc.go:6306
#	0x104a4d0	runtime.doInit+0x70								/Users/smallhowcao/work/go/bin/go1.19.9/src/runtime/proc.go:6306
#	0x104a4d0	runtime.doInit+0x70								/Users/smallhowcao/work/go/bin/go1.19.9/src/runtime/proc.go:6306
#	0x104a4d0	runtime.doInit+0x70								/Users/smallhowcao/work/go/bin/go1.19.9/src/runtime/proc.go:6306
#	0x104a4d0	runtime.doInit+0x70								/Users/smallhowcao/work/go/bin/go1.19.9/src/runtime/proc.go:6306
#	0x104a4d0	runtime.doInit+0x70								/Users/smallhowcao/work/go/bin/go1.19.9/src/runtime/proc.go:6306
#	0x104a4d0	runtime.doInit+0x70								/Users/smallhowcao/work/go/bin/go1.19.9/src/runtime/proc.go:6306
#	0x104a4d0	runtime.doInit+0x70								/Users/smallhowcao/work/go/bin/go1.19.9/src/runtime/proc.go:6306
#	0x104a4d0	runtime.doInit+0x70								/Users/smallhowcao/work/go/bin/go1.19.9/src/runtime/proc.go:6306
#	0x104a4d0	runtime.doInit+0x70								/Users/smallhowcao/work/go/bin/go1.19.9/src/runtime/proc.go:6306
#	0x104a4d0	runtime.doInit+0x70								/Users/smallhowcao/work/go/bin/go1.19.9/src/runtime/proc.go:6306
#	0x103d232	runtime.main+0x1d2								/Users/smallhowcao/work/go/bin/go1.19.9/src/runtime/proc.go:233

0: 0 [0: 0] @ 0x1450fd2 0x1b95837 0x1b950f3 0x1b94b79 0x1b933ba 0x1b8ffee 0x12e25af 0x12e59ac 0x12e1087 0x106f161
#	0x1450fd1	github.com/horm/common/json.MarshalBaseToString+0xab1				/Users/smallhowcao/work/go/src/yan/common/json/json.go:195
#	0x1b95836	github.com/horm/manage/srv.apiHandle.func1+0x676				/Users/smallhowcao/work/go/src/yan/manage/srv/service.go:320
#	0x1b950f2	github.com/horm/manage/srv.apiHandle+0x332					/Users/smallhowcao/work/go/src/yan/manage/srv/service.go:326
#	0x1b94b78	github.com/horm/manage/srv.(*service).handle+0x298				/Users/smallhowcao/work/go/src/yan/manage/srv/service.go:290
#	0x1b933b9	github.com/horm/manage/srv.(*service).Handle+0x259				/Users/smallhowcao/work/go/src/yan/manage/srv/service.go:128
#	0x1b8ffed	github.com/horm/manage/srv/transport/web.(*transportWeb).Serve.func1+0x30d	/Users/smallhowcao/work/go/src/yan/manage/srv/transport/web/transport_web.go:69
#	0x12e25ae	net/http.HandlerFunc.ServeHTTP+0x2e						/Users/smallhowcao/work/go/bin/go1.19.9/src/net/http/server.go:2109
#	0x12e59ab	net/http.serverHandler.ServeHTTP+0x30b						/Users/smallhowcao/work/go/bin/go1.19.9/src/net/http/server.go:2947
#	0x12e1086	net/http.(*conn).serve+0x606							/Users/smallhowcao/work/go/bin/go1.19.9/src/net/http/server.go:1991

0: 0 [0: 0] @ 0x110c7a5 0x1517a30 0x1517a31 0x1516114 0x150cda9 0x1513756 0x150cd69 0x1514b45 0x150cd85 0x150ca58 0x1525df1 0x1523ed0 0x1b7e5d8 0x1b85aff 0x1b85d4b 0x1b99f87 0x1ba7a78 0x1b950cd 0x1b94b79 0x1b933ba 0x1b8ffee 0x12e25af 0x12e59ac 0x12e1087 0x106f161
#	0x110c7a4	strings.genSplit+0x84								/Users/smallhowcao/work/go/bin/go1.19.9/src/strings/strings.go:250
#	0x1517a2f	strings.SplitN+0x184f								/Users/smallhowcao/work/go/bin/go1.19.9/src/strings/strings.go:279
#	0x1517a30	github.com/horm/common/codec/mapstructure.(*Decoder).decodeStructFromMap+0x1850	/Users/smallhowcao/work/go/src/yan/common/codec/mapstructure/mapstructure.go:1370
#	0x1516113	github.com/horm/common/codec/mapstructure.(*Decoder).decodeStruct+0x5b3		/Users/smallhowcao/work/go/src/yan/common/codec/mapstructure/mapstructure.go:1246
#	0x150cda8	github.com/horm/common/codec/mapstructure.(*Decoder).decode+0x308		/Users/smallhowcao/work/go/src/yan/common/codec/mapstructure/mapstructure.go:482
#	0x1513755	github.com/horm/common/codec/mapstructure.(*Decoder).decodePtr+0x435		/Users/smallhowcao/work/go/src/yan/common/codec/mapstructure/mapstructure.go:1052
#	0x150cd68	github.com/horm/common/codec/mapstructure.(*Decoder).decode+0x2c8		/Users/smallhowcao/work/go/src/yan/common/codec/mapstructure/mapstructure.go:486
#	0x1514b44	github.com/horm/common/codec/mapstructure.(*Decoder).decodeSlice+0xce4		/Users/smallhowcao/work/go/src/yan/common/codec/mapstructure/mapstructure.go:1150
#	0x150cd84	github.com/horm/common/codec/mapstructure.(*Decoder).decode+0x2e4		/Users/smallhowcao/work/go/src/yan/common/codec/mapstructure/mapstructure.go:488
#	0x150ca57	github.com/horm/common/codec/mapstructure.(*Decoder).Decode+0xd7		/Users/smallhowcao/work/go/src/yan/common/codec/mapstructure/mapstructure.go:417
#	0x1525df0	github.com/horm/go-horm/horm/codec.(*Map2Structure).Decode+0xd0			/Users/smallhowcao/work/go/src/yan/go-horm/horm/codec/map2structure.go:28
#	0x1523ecf	github.com/horm/go-horm/horm/codec.(*defaultCodec).Decode+0x10cf		/Users/smallhowcao/work/go/src/yan/go-horm/horm/codec/default.go:311
#	0x1b7e5d7	github.com/horm/orm.(*ORM).Exec+0x217						/Users/smallhowcao/work/go/src/yan/orm/orm.go:100
#	0x1b85afe	github.com/horm/manage/model/table.GetUserBasesByIds+0x2de			/Users/smallhowcao/work/go/src/yan/manage/model/table/user.go:50
#	0x1b85d4a	github.com/horm/manage/model/table.GetUserBasesMapByIds+0x6a			/Users/smallhowcao/work/go/src/yan/manage/model/table/user.go:67
#	0x1b99f86	github.com/horm/manage/logic.AppList+0x326					/Users/smallhowcao/work/go/src/yan/manage/logic/app.go:34
#	0x1ba7a77	github.com/horm/manage/api.AppList+0xb7						/Users/smallhowcao/work/go/src/yan/manage/api/app.go:28
#	0x1b950cc	github.com/horm/manage/srv.apiHandle+0x30c					/Users/smallhowcao/work/go/src/yan/manage/srv/service.go:325
#	0x1b94b78	github.com/horm/manage/srv.(*service).handle+0x298				/Users/smallhowcao/work/go/src/yan/manage/srv/service.go:290
#	0x1b933b9	github.com/horm/manage/srv.(*service).Handle+0x259				/Users/smallhowcao/work/go/src/yan/manage/srv/service.go:128
#	0x1b8ffed	github.com/horm/manage/srv/transport/web.(*transportWeb).Serve.func1+0x30d	/Users/smallhowcao/work/go/src/yan/manage/srv/transport/web/transport_web.go:69
#	0x12e25ae	net/http.HandlerFunc.ServeHTTP+0x2e						/Users/smallhowcao/work/go/bin/go1.19.9/src/net/http/server.go:2109
#	0x12e59ab	net/http.serverHandler.ServeHTTP+0x30b						/Users/smallhowcao/work/go/bin/go1.19.9/src/net/http/server.go:2947
#	0x12e1086	net/http.(*conn).serve+0x606							/Users/smallhowcao/work/go/bin/go1.19.9/src/net/http/server.go:1991


# runtime.MemStats
# Alloc = 2763480
# TotalAlloc = 28109280
# Sys = 26326280
# Lookups = 0
# Mallocs = 144939
# Frees = 128643
# HeapAlloc = 2763480
# HeapSys = 11599872
# HeapIdle = 6832128
# HeapInuse = 4767744
# HeapReleased = 5914624
# HeapObjects = 16296
# Stack = 983040 / 983040
# MSpan = 185472 / 195264
# MCache = 14400 / 15600
# BuckHashSys = 1456340
# GCSys = 9417904
# OtherSys = 2658260
# NextGC = 4356688
# LastGC = 1699272050969409000
# PauseNs = [187967 79476 111124 287702 243088 531453 262209 58273 75535 76943 84294 79090 61476 82739 0 0 0 0 0 0 0 0 0 0 0 0 0 0 0 0 0 0 0 0 0 0 0 0 0 0 0 0 0 0 0 0 0 0 0 0 0 0 0 0 0 0 0 0 0 0 0 0 0 0 0 0 0 0 0 0 0 0 0 0 0 0 0 0 0 0 0 0 0 0 0 0 0 0 0 0 0 0 0 0 0 0 0 0 0 0 0 0 0 0 0 0 0 0 0 0 0 0 0 0 0 0 0 0 0 0 0 0 0 0 0 0 0 0 0 0 0 0 0 0 0 0 0 0 0 0 0 0 0 0 0 0 0 0 0 0 0 0 0 0 0 0 0 0 0 0 0 0 0 0 0 0 0 0 0 0 0 0 0 0 0 0 0 0 0 0 0 0 0 0 0 0 0 0 0 0 0 0 0 0 0 0 0 0 0 0 0 0 0 0 0 0 0 0 0 0 0 0 0 0 0 0 0 0 0 0 0 0 0 0 0 0 0 0 0 0 0 0 0 0 0 0 0 0 0 0 0 0 0 0 0 0 0 0 0 0 0 0 0 0 0 0]
# PauseEnd = [1699271511850270000 1699271517670014000 1699271637680461000 1699271746915117000 1699271751919574000 1699271835471593000 1699271955480219000 1699271998632134000 1699272012637391000 1699272019431172000 1699272024432862000 1699272043570207000 1699272049403806000 1699272050969409000 0 0 0 0 0 0 0 0 0 0 0 0 0 0 0 0 0 0 0 0 0 0 0 0 0 0 0 0 0 0 0 0 0 0 0 0 0 0 0 0 0 0 0 0 0 0 0 0 0 0 0 0 0 0 0 0 0 0 0 0 0 0 0 0 0 0 0 0 0 0 0 0 0 0 0 0 0 0 0 0 0 0 0 0 0 0 0 0 0 0 0 0 0 0 0 0 0 0 0 0 0 0 0 0 0 0 0 0 0 0 0 0 0 0 0 0 0 0 0 0 0 0 0 0 0 0 0 0 0 0 0 0 0 0 0 0 0 0 0 0 0 0 0 0 0 0 0 0 0 0 0 0 0 0 0 0 0 0 0 0 0 0 0 0 0 0 0 0 0 0 0 0 0 0 0 0 0 0 0 0 0 0 0 0 0 0 0 0 0 0 0 0 0 0 0 0 0 0 0 0 0 0 0 0 0 0 0 0 0 0 0 0 0 0 0 0 0 0 0 0 0 0 0 0 0 0 0 0 0 0 0 0 0 0 0 0 0 0 0 0 0 0]
# NumGC = 14
# NumForcedGC = 0
# GCCPUFraction = 7.962393723835669e-06
# DebugGC = false
# MaxRSS = 25522176